2024-07-02 15:02:57,504 [INFO] Activator:176 - 


2024-07-02 15:02:57,507 [INFO] Activator:177 - !SESSION log4j initialized
2024-07-02 15:03:01,510 [INFO] LogOutputStream:77 - [STDOUT_REDIRECT] 
2024-07-02 15:03:05,901 [INFO] ApplicationProperties:184 - Using Application install path: /opt/st/stm32cubeide_1.13.2_2/plugins/com.st.stm32cube.common.mx_6.9.2.202309101412
2024-07-02 15:03:05,941 [INFO] DbMcusXml:78 - Set database path to: /opt/st/stm32cubeide_1.13.2_2/plugins/com.st.stm32cube.common.mx_6.9.2.202309101412//db//mcu/
2024-07-02 15:03:05,942 [INFO] ApiDb:274 - Set plugin database path to: /opt/st/stm32cubeide_1.13.2_2/plugins/com.st.stm32cube.common.mx_6.9.2.202309101412//db//plugins/boardmanager/
2024-07-02 15:03:05,943 [WARN] ApiDb:259 - Overriding images path with different value:  => /opt/st/stm32cubeide_1.13.2_2/plugins/com.st.stm32cube.common.mx_6.9.2.202309101412//db//plugins/mcufinder/images/
2024-07-02 15:03:05,978 [INFO] ApiDb:250 - Set database path to: /home/dnk121/.stmcufinder/plugins/mcufinder//mcu/
2024-07-02 15:03:05,981 [INFO] DbMcusAds:125 - Set database path to: /home/dnk121/.stmcufinder/plugins/mcufinder//mcu/
2024-07-02 15:03:05,987 [INFO] CrossReferenceDbSqlite:203 - Set database path to: /home/dnk121/.stmcufinder/plugins/mcufinder//mcu/cs/
2024-07-02 15:03:06,268 [INFO] RulesReader:64 - Compatibility file has been processed (293 Rules)
2024-07-02 15:03:06,450 [INFO] DbMcusXml:78 - Set database path to: /opt/st/stm32cubeide_1.13.2_2/plugins/com.st.stm32cube.common.mx_6.9.2.202309101412//db//mcu/
2024-07-02 15:03:06,450 [INFO] ApiDb:274 - Set plugin database path to: /opt/st/stm32cubeide_1.13.2_2/plugins/com.st.stm32cube.common.mx_6.9.2.202309101412//db//plugins/boardmanager/
2024-07-02 15:03:06,451 [INFO] ApiDb:261 - Set plugin images path to: /opt/st/stm32cubeide_1.13.2_2/plugins/com.st.stm32cube.common.mx_6.9.2.202309101412//db//plugins/mcufinder/images/
2024-07-02 15:03:06,451 [WARN] DbFile:41 - Overriding database path with different value: /home/dnk121/.stmcufinder/plugins/mcufinder/ => /home/dnk121/.stmcufinder/plugins/mcufinder
2024-07-02 15:03:06,452 [INFO] ApiDb:250 - Set database path to: /home/dnk121/.stmcufinder/plugins/mcufinder//mcu/
2024-07-02 15:03:06,452 [WARN] DbFile:41 - Overriding database path with different value: /home/dnk121/.stmcufinder/plugins/mcufinder/ => /home/dnk121/.stmcufinder/plugins/mcufinder
2024-07-02 15:03:06,452 [INFO] DbMcusAds:125 - Set database path to: /home/dnk121/.stmcufinder/plugins/mcufinder//mcu/
2024-07-02 15:03:06,452 [WARN] DbFile:41 - Overriding database path with different value: /home/dnk121/.stmcufinder/plugins/mcufinder/ => /home/dnk121/.stmcufinder/plugins/mcufinder
2024-07-02 15:03:06,452 [WARN] DbFile:41 - Overriding database path with different value: /home/dnk121/.stmcufinder/plugins/mcufinder/ => /home/dnk121/.stmcufinder/plugins/mcufinder
2024-07-02 15:03:06,453 [INFO] CrossReferenceDbSqlite:203 - Set database path to: /home/dnk121/.stmcufinder/plugins/mcufinder//mcu/cs/
2024-07-02 15:03:06,581 [INFO] MainPanel:262 - HeapMemory: 268435456
2024-07-02 15:03:06,778 [INFO] DbMcusXml:78 - Set database path to: /opt/st/stm32cubeide_1.13.2_2/plugins/com.st.stm32cube.common.mx_6.9.2.202309101412//db//mcu/
2024-07-02 15:03:06,778 [INFO] ApiDb:274 - Set plugin database path to: /opt/st/stm32cubeide_1.13.2_2/plugins/com.st.stm32cube.common.mx_6.9.2.202309101412//db//plugins/boardmanager/
2024-07-02 15:03:06,779 [INFO] ApiDb:261 - Set plugin images path to: /opt/st/stm32cubeide_1.13.2_2/plugins/com.st.stm32cube.common.mx_6.9.2.202309101412//db//plugins/mcufinder/images/
2024-07-02 15:03:06,780 [WARN] DbFile:41 - Overriding database path with different value: /home/dnk121/.stmcufinder/plugins/mcufinder/ => /home/dnk121/.stmcufinder/plugins/mcufinder
2024-07-02 15:03:06,780 [INFO] ApiDb:250 - Set database path to: /home/dnk121/.stmcufinder/plugins/mcufinder//mcu/
2024-07-02 15:03:06,780 [WARN] DbFile:41 - Overriding database path with different value: /home/dnk121/.stmcufinder/plugins/mcufinder/ => /home/dnk121/.stmcufinder/plugins/mcufinder
2024-07-02 15:03:06,780 [INFO] DbMcusAds:125 - Set database path to: /home/dnk121/.stmcufinder/plugins/mcufinder//mcu/
2024-07-02 15:03:06,780 [WARN] DbFile:41 - Overriding database path with different value: /home/dnk121/.stmcufinder/plugins/mcufinder/ => /home/dnk121/.stmcufinder/plugins/mcufinder
2024-07-02 15:03:06,781 [WARN] DbFile:41 - Overriding database path with different value: /home/dnk121/.stmcufinder/plugins/mcufinder/ => /home/dnk121/.stmcufinder/plugins/mcufinder
2024-07-02 15:03:06,781 [INFO] CrossReferenceDbSqlite:203 - Set database path to: /home/dnk121/.stmcufinder/plugins/mcufinder//mcu/cs/
2024-07-02 15:03:06,811 [INFO] ApplicationProperties:184 - Using Application install path: /opt/st/stm32cubeide_1.13.2_2/plugins/com.st.stm32cube.common.mx_6.9.2.202309101412
2024-07-02 15:03:06,814 [INFO] PluginManage:196 - Search for loadable plugins [exclusion list=, ]
2024-07-02 15:03:06,817 [INFO] PluginManage:310 - Check plugin analytics
2024-07-02 15:03:07,127 [INFO] AnalyticsPlugin:253 - Accepted Software Licenses: 
2024-07-02 15:03:07,127 [INFO] AnalyticsPlugin:255 - Accepted CMSIS Pack Licenses: 
2024-07-02 15:03:07,128 [INFO] AnalyticsPlugin:257 - Accepted Firmware Licenses: FW.L4.1.18.0
2024-07-02 15:03:07,133 [INFO] PluginManage:359 - Loaded plugin analytics (category:tool,tabindex:-1)
2024-07-02 15:03:07,133 [INFO] PluginManage:310 - Check plugin cadmodel
2024-07-02 15:03:07,199 [INFO] CADModel:105 - Init CAD model plugin
2024-07-02 15:03:07,200 [INFO] PluginManage:359 - Loaded plugin cadmodel (category:power,tabindex:5)
2024-07-02 15:03:07,200 [INFO] PluginManage:310 - Check plugin clock
2024-07-02 15:03:07,220 [INFO] PluginManage:359 - Loaded plugin clock (category:base,tabindex:2)
2024-07-02 15:03:07,221 [INFO] PluginManage:310 - Check plugin ddr
2024-07-02 15:03:07,225 [INFO] PluginManage:359 - Loaded plugin ddr (category:tool,tabindex:6)
2024-07-02 15:03:07,226 [INFO] PluginManage:310 - Check plugin filemanager
2024-07-02 15:03:07,552 [INFO] PluginManage:359 - Loaded plugin filemanager (category:base,tabindex:10)
2024-07-02 15:03:07,553 [INFO] PluginManage:310 - Check plugin ipmanager
2024-07-02 15:03:07,573 [INFO] PluginManage:359 - Loaded plugin ipmanager (category:base,tabindex:5)
2024-07-02 15:03:07,574 [INFO] PluginManage:310 - Check plugin lpbam
2024-07-02 15:03:07,599 [INFO] PluginManage:359 - Loaded plugin lpbam (category:base,tabindex:0)
2024-07-02 15:03:07,601 [INFO] PluginManage:310 - Check plugin memorymap
2024-07-02 15:03:07,628 [INFO] PluginManage:359 - Loaded plugin memorymap (category:base,tabindex:4)
2024-07-02 15:03:07,630 [INFO] PluginManage:310 - Check plugin pinoutandconfiguration
2024-07-02 15:03:07,643 [INFO] PluginManage:359 - Loaded plugin pinoutandconfiguration (category:base,tabindex:1)
2024-07-02 15:03:07,644 [INFO] PluginManage:310 - Check plugin pinoutconfig
2024-07-02 15:03:07,781 [WARN] SupportedApi:132 - Cannot load RTOS API schema: s4s-elt-must-match.1: The content of 'definitions' must match (annotation?, (simpleType | complexType)?, (unique | key | keyref)*)). A problem was found starting at: attribute.
2024-07-02 15:03:08,013 [INFO] PluginManage:359 - Loaded plugin pinoutconfig (category:base,tabindex:0)
2024-07-02 15:03:08,014 [INFO] PluginManage:310 - Check plugin power
2024-07-02 15:03:08,036 [INFO] PluginManage:359 - Loaded plugin power (category:power,tabindex:4)
2024-07-02 15:03:08,036 [INFO] PluginManage:310 - Check plugin projectmanager
2024-07-02 15:03:08,061 [INFO] PluginManage:359 - Loaded plugin projectmanager (category:projectmanager,tabindex:3)
2024-07-02 15:03:08,061 [INFO] PluginManage:310 - Check plugin thirdparty
2024-07-02 15:03:08,436 [INFO] PluginManage:359 - Loaded plugin thirdparty (category:base,tabindex:-1)
2024-07-02 15:03:08,436 [INFO] PluginManage:310 - Check plugin tools
2024-07-02 15:03:08,437 [WARN] IntegrityCheckThread:84 - waiting for thirdparty lock release [integrity check]
2024-07-02 15:03:08,442 [INFO] IntegrityCheckThread:86 - entering critical section [integrity check]
2024-07-02 15:03:08,443 [INFO] ThirdPartyUpdaterWithRetryManager:70 - Updater plugin not ready yet. [1/15]
2024-07-02 15:03:08,446 [INFO] PluginManage:359 - Loaded plugin tools (category:base,tabindex:7)
2024-07-02 15:03:08,447 [INFO] PluginManage:310 - Check plugin tutovideos
2024-07-02 15:03:08,679 [INFO] PluginManage:359 - Loaded plugin tutovideos (category:base,tabindex:-1)
2024-07-02 15:03:08,680 [INFO] PluginManage:310 - Check plugin updater
2024-07-02 15:03:08,696 [INFO] PluginManage:359 - Loaded plugin updater (category:base,tabindex:12)
2024-07-02 15:03:08,697 [INFO] PluginManage:310 - Check plugin userauth
2024-07-02 15:03:08,703 [INFO] UserAuth:113 - Init User Auth plugin
2024-07-02 15:03:08,703 [INFO] PluginManage:359 - Loaded plugin userauth (category:base,tabindex:14)
2024-07-02 15:03:08,704 [INFO] PluginManage:283 - PluginManage : Loaded plugins [17]
2024-07-02 15:03:09,014 [INFO] PinOutPanel:1499 - setPackage(No Configuration,No Configuration)
2024-07-02 15:03:09,181 [INFO] CADModel:165 - CPN selected for project level
2024-07-02 15:03:09,181 [INFO] CADModel:114 - Register for checkConnection events
2024-07-02 15:03:09,202 [INFO] IPUIPlugin:80 - create IPUIPlugin
2024-07-02 15:03:09,202 [INFO] PluginManager:220 - loadIPPluginJar : add linkedlist
2024-07-02 15:03:09,214 [INFO] IPUIPlugin:80 - create IPUIPlugin
2024-07-02 15:03:09,215 [INFO] PluginManager:220 - loadIPPluginJar : add pdm2pcm
2024-07-02 15:03:09,218 [INFO] IPUIPlugin:80 - create IPUIPlugin
2024-07-02 15:03:09,218 [INFO] PluginManager:220 - loadIPPluginJar : add tim
2024-07-02 15:03:09,222 [INFO] IPUIPlugin:80 - create IPUIPlugin
2024-07-02 15:03:09,222 [INFO] PluginManager:220 - loadIPPluginJar : add tracer_emb
2024-07-02 15:03:09,225 [INFO] IPUIPlugin:80 - create IPUIPlugin
2024-07-02 15:03:09,226 [INFO] PluginManager:220 - loadIPPluginJar : add ucpd
2024-07-02 15:03:09,230 [INFO] IPUIPlugin:80 - create IPUIPlugin
2024-07-02 15:03:09,230 [INFO] PluginManager:220 - loadIPPluginJar : add dfsdm
2024-07-02 15:03:09,234 [INFO] IPUIPlugin:80 - create IPUIPlugin
2024-07-02 15:03:09,235 [INFO] PluginManager:220 - loadIPPluginJar : add i2s
2024-07-02 15:03:09,245 [INFO] IPUIPlugin:80 - create IPUIPlugin
2024-07-02 15:03:09,245 [INFO] PluginManager:220 - loadIPPluginJar : add fmc
2024-07-02 15:03:09,248 [INFO] IPUIPlugin:80 - create IPUIPlugin
2024-07-02 15:03:09,248 [INFO] PluginManager:220 - loadIPPluginJar : add ltdc
2024-07-02 15:03:09,252 [INFO] IPUIPlugin:80 - create IPUIPlugin
2024-07-02 15:03:09,253 [INFO] PluginManager:220 - loadIPPluginJar : add cryp
2024-07-02 15:03:09,255 [INFO] IPUIPlugin:80 - create IPUIPlugin
2024-07-02 15:03:09,256 [INFO] PluginManager:220 - loadIPPluginJar : add quadspi
2024-07-02 15:03:09,263 [INFO] IPUIPlugin:80 - create IPUIPlugin
2024-07-02 15:03:09,264 [INFO] PluginManager:220 - loadIPPluginJar : add nvic
2024-07-02 15:03:09,269 [INFO] IPUIPlugin:80 - create IPUIPlugin
2024-07-02 15:03:09,269 [INFO] PluginManager:220 - loadIPPluginJar : add gtzc
2024-07-02 15:03:09,279 [INFO] IPUIPlugin:80 - create IPUIPlugin
2024-07-02 15:03:09,280 [INFO] PluginManager:220 - loadIPPluginJar : add dma
2024-07-02 15:03:09,288 [INFO] IPUIPlugin:80 - create IPUIPlugin
2024-07-02 15:03:09,289 [INFO] PluginManager:220 - loadIPPluginJar : add gic
2024-07-02 15:03:09,297 [INFO] IPUIPlugin:80 - create IPUIPlugin
2024-07-02 15:03:09,298 [INFO] PluginManager:220 - loadIPPluginJar : add stm32_wpan
2024-07-02 15:03:09,303 [INFO] IPUIPlugin:80 - create IPUIPlugin
2024-07-02 15:03:09,304 [INFO] PluginManager:220 - loadIPPluginJar : add usbx
2024-07-02 15:03:09,308 [INFO] IPUIPlugin:80 - create IPUIPlugin
2024-07-02 15:03:09,308 [INFO] PluginManager:220 - loadIPPluginJar : add lorawan
2024-07-02 15:03:09,312 [INFO] IPUIPlugin:80 - create IPUIPlugin
2024-07-02 15:03:09,313 [INFO] PluginManager:220 - loadIPPluginJar : add spi
2024-07-02 15:03:09,317 [INFO] IPUIPlugin:80 - create IPUIPlugin
2024-07-02 15:03:09,317 [INFO] PluginManager:220 - loadIPPluginJar : add i2c
2024-07-02 15:03:09,320 [INFO] IPUIPlugin:80 - create IPUIPlugin
2024-07-02 15:03:09,321 [INFO] PluginManager:220 - loadIPPluginJar : add comp
2024-07-02 15:03:09,325 [INFO] IPUIPlugin:80 - create IPUIPlugin
2024-07-02 15:03:09,325 [INFO] PluginManager:220 - loadIPPluginJar : add hash
2024-07-02 15:03:09,333 [INFO] IPUIPlugin:80 - create IPUIPlugin
2024-07-02 15:03:09,334 [INFO] PluginManager:220 - loadIPPluginJar : add gpio
2024-07-02 15:03:09,339 [INFO] IPUIPlugin:80 - create IPUIPlugin
2024-07-02 15:03:09,340 [INFO] PluginManager:220 - loadIPPluginJar : add sai
2024-07-02 15:03:09,344 [INFO] IPUIPlugin:80 - create IPUIPlugin
2024-07-02 15:03:09,345 [INFO] PluginManager:220 - loadIPPluginJar : add can
2024-07-02 15:03:09,355 [INFO] IPUIPlugin:80 - create IPUIPlugin
2024-07-02 15:03:09,356 [INFO] PluginManager:220 - loadIPPluginJar : add adc
2024-07-02 15:03:09,359 [INFO] IPUIPlugin:80 - create IPUIPlugin
2024-07-02 15:03:09,359 [INFO] PluginManager:220 - loadIPPluginJar : add ts
2024-07-02 15:03:09,368 [INFO] IPUIPlugin:80 - create IPUIPlugin
2024-07-02 15:03:09,368 [INFO] PluginManager:220 - loadIPPluginJar : add mdma
2024-07-02 15:03:09,372 [INFO] IPUIPlugin:80 - create IPUIPlugin
2024-07-02 15:03:09,372 [INFO] PluginManager:220 - loadIPPluginJar : add aes
2024-07-02 15:03:09,376 [INFO] IPUIPlugin:80 - create IPUIPlugin
2024-07-02 15:03:09,377 [INFO] PluginManager:220 - loadIPPluginJar : add i3c
2024-07-02 15:03:09,379 [INFO] IPUIPlugin:80 - create IPUIPlugin
2024-07-02 15:03:09,380 [INFO] PluginManager:220 - loadIPPluginJar : add fatfs
2024-07-02 15:03:09,384 [INFO] IPUIPlugin:80 - create IPUIPlugin
2024-07-02 15:03:09,385 [INFO] PluginManager:220 - loadIPPluginJar : add openamp
2024-07-02 15:03:09,390 [INFO] IPUIPlugin:80 - create IPUIPlugin
2024-07-02 15:03:09,390 [INFO] PluginManager:220 - loadIPPluginJar : add gfxmmu
2024-07-02 15:03:09,398 [INFO] IPUIPlugin:80 - create IPUIPlugin
2024-07-02 15:03:09,399 [INFO] PluginManager:220 - loadIPPluginJar : add freertos
2024-07-02 15:03:09,406 [INFO] IPUIPlugin:80 - create IPUIPlugin
2024-07-02 15:03:09,406 [INFO] PluginManager:220 - loadIPPluginJar : add resmgrutility
2024-07-02 15:03:09,410 [INFO] IPUIPlugin:80 - create IPUIPlugin
2024-07-02 15:03:09,411 [INFO] PluginManager:220 - loadIPPluginJar : add usart
2024-07-02 15:03:09,416 [INFO] IPUIPlugin:80 - create IPUIPlugin
2024-07-02 15:03:09,416 [INFO] PluginManager:220 - loadIPPluginJar : add ipddr
2024-07-02 15:03:09,427 [INFO] IPUIPlugin:80 - create IPUIPlugin
2024-07-02 15:03:09,433 [INFO] PluginManager:220 - loadIPPluginJar : add plateformsettings
2024-07-02 15:03:09,437 [INFO] IPUIPlugin:80 - create IPUIPlugin
2024-07-02 15:03:09,437 [INFO] PluginManager:220 - loadIPPluginJar : add tsc
2024-07-02 15:03:09,440 [INFO] IPUIPlugin:80 - create IPUIPlugin
2024-07-02 15:03:09,440 [INFO] PluginManager:220 - loadIPPluginJar : add genericplugin
2024-07-02 15:03:09,445 [INFO] IPUIPlugin:80 - create IPUIPlugin
2024-07-02 15:03:09,445 [INFO] PluginManager:220 - loadIPPluginJar : add opamp
2024-07-02 15:03:09,449 [INFO] IPUIPlugin:80 - create IPUIPlugin
2024-07-02 15:03:09,450 [INFO] PluginManager:220 - loadIPPluginJar : add dma3
2024-07-02 15:03:09,456 [INFO] IPUIPlugin:80 - create IPUIPlugin
2024-07-02 15:03:09,456 [INFO] PluginManager:220 - loadIPPluginJar : add touchsensing
2024-07-02 15:03:09,610 [INFO] CADModel:165 - CPN selected for project level
2024-07-02 15:03:09,611 [INFO] CADModel:114 - Register for checkConnection events
2024-07-02 15:03:09,612 [FATAL] Updater:308 - Updater called before beeing initialized
2024-07-02 15:03:09,612 [ERROR] CADModel:125 - Updater not yet initialized, retry later 
2024-07-02 15:03:09,832 [INFO] CADModel:165 - CPN selected for project level
2024-07-02 15:03:09,832 [INFO] CADModel:114 - Register for checkConnection events
2024-07-02 15:03:09,832 [FATAL] Updater:308 - Updater called before beeing initialized
2024-07-02 15:03:09,833 [ERROR] CADModel:125 - Updater not yet initialized, retry later 
2024-07-02 15:03:09,838 [FATAL] Updater:308 - Updater called before beeing initialized
2024-07-02 15:03:10,039 [FATAL] Updater:308 - Updater called before beeing initialized
2024-07-02 15:03:10,045 [INFO] DbMcusAds:53 - JSON generation date=Thu May 16 14:52:00 IST 2024 (1715851320852)
2024-07-02 15:03:10,046 [FATAL] Updater:308 - Updater called before beeing initialized
2024-07-02 15:03:10,100 [WARN] DetailPanel:346 - Failed to get advertising image, set to default
2024-07-02 15:03:10,235 [FATAL] Updater:308 - Updater called before beeing initialized
2024-07-02 15:03:10,238 [FATAL] Updater:308 - Updater called before beeing initialized
2024-07-02 15:03:10,238 [FATAL] Updater:308 - Updater called before beeing initialized
2024-07-02 15:03:10,238 [WARN] DetailPanel:346 - Failed to get advertising image, set to default
2024-07-02 15:03:10,240 [FATAL] Updater:308 - Updater called before beeing initialized
2024-07-02 15:03:10,289 [ERROR] Updater:1120 - MainUpdater not yet initialized. External WinMGr cannot be set.
2024-07-02 15:03:10,292 [INFO] Updater:1056 - Updater Version found : 6.9.2
2024-07-02 15:03:10,317 [INFO] ApplicationProperties:184 - Using Application install path: /opt/st/stm32cubeide_1.13.2_2/plugins/com.st.stm32cube.common.mx_6.9.2.202309101412
2024-07-02 15:03:10,599 [INFO] MainUpdater:2868 - connection check result : 10
2024-07-02 15:03:10,600 [INFO] MainUpdater:285 - Updater Check For Update Now.
2024-07-02 15:03:10,601 [INFO] MicroXplorer:498 - Change Database Version : DB.6.0.92
2024-07-02 15:03:10,611 [INFO] McuFinderGlobals:63 - Set McuFinder mode to 2 (CubeIDE integrated)
2024-07-02 15:03:10,942 [INFO] CheckServerUpdateThread:120 - End of CheckServer Thread
2024-07-02 15:03:11,868 [WARN] PackLoader:240 - Cannot read IP mode file for STMicroelectronics.FP-SNS-MOTENVWB1.1.4.0
2024-07-02 15:03:11,894 [WARN] PackLoader:240 - Cannot read IP mode file for STMicroelectronics.X-CUBE-SMBUS.2.1.0
2024-07-02 15:03:11,904 [WARN] PackLoader:240 - Cannot read IP mode file for STMicroelectronics.X-CUBE-TOUCHGFX.4.23.0
2024-07-02 15:03:11,909 [WARN] PackLoader:240 - Cannot read IP mode file for STMicroelectronics.X-CUBE-TOUCHGFX.4.23.2
2024-07-02 15:03:11,991 [WARN] PackLoader:240 - Cannot read IP mode file for STMicroelectronics.X-CUBE-AZRTOS-F7.1.1.0
2024-07-02 15:03:12,025 [WARN] PackLoader:240 - Cannot read IP mode file for STMicroelectronics.FP-SNS-MOTENV1.4.3.2
2024-07-02 15:03:12,062 [WARN] PackLoader:240 - Cannot read IP mode file for STMicroelectronics.FP-SNS-FLIGHT1.5.0.2
2024-07-02 15:03:12,124 [WARN] PackLoader:240 - Cannot read IP mode file for STMicroelectronics.X-CUBE-DISPLAY.3.0.0
2024-07-02 15:03:12,161 [WARN] PackLoader:240 - Cannot read IP mode file for STMicroelectronics.X-CUBE-BLE1.7.0.0
2024-07-02 15:03:12,178 [WARN] PackLoader:240 - Cannot read IP mode file for emotas.I-CUBE-CANOPEN.1.3.0
2024-07-02 15:03:12,187 [WARN] PackLoader:240 - Cannot read IP mode file for STMicroelectronics.X-CUBE-TOUCHGFX.4.22.1
2024-07-02 15:03:12,213 [WARN] PackLoader:240 - Cannot read IP mode file for STMicroelectronics.X-CUBE-BLEMGR.3.1.0
2024-07-02 15:03:12,229 [WARN] PackLoader:240 - Cannot read IP mode file for STMicroelectronics.FP-SNS-SMARTAG2.1.2.0
2024-07-02 15:03:12,255 [INFO] LogOutputStream:77 - [STDOUT_REDIRECT] 1 : Invalid condition id : UX_CORESTACK_Condition cause : null
2024-07-02 15:03:12,256 [INFO] LogOutputStream:77 - [STDOUT_REDIRECT] 1 : Invalid condition id : UX_CORESTACK_Condition cause : null
2024-07-02 15:03:12,256 [INFO] LogOutputStream:77 - [STDOUT_REDIRECT] 1 : Invalid condition id : UX_CORESTACK_Condition cause : null
2024-07-02 15:03:12,256 [INFO] LogOutputStream:77 - [STDOUT_REDIRECT] 1 : Invalid condition id : UX_CORESTACK_Condition cause : null
2024-07-02 15:03:12,257 [INFO] LogOutputStream:77 - [STDOUT_REDIRECT] 1 : Invalid condition id : UX_CORESTACK_Condition cause : null
2024-07-02 15:03:12,265 [WARN] PackLoader:240 - Cannot read IP mode file for STMicroelectronics.X-CUBE-AZRTOS-WL.2.0.0
2024-07-02 15:03:12,283 [WARN] PackLoader:240 - Cannot read IP mode file for STMicroelectronics.FP-SNS-MOTENV1.5.0.0
2024-07-02 15:03:12,293 [WARN] PackLoader:240 - Cannot read IP mode file for wolfSSL.I-CUBE-wolfMQTT.1.19.0
2024-07-02 15:03:12,320 [WARN] PackLoader:240 - Cannot read IP mode file for WES.I-CUBE-Cesium.1.3.0
2024-07-02 15:03:12,339 [WARN] PackLoader:240 - Cannot read IP mode file for STMicroelectronics.X-CUBE-BLE2.3.3.0
2024-07-02 15:03:12,362 [WARN] PackLoader:240 - Cannot read IP mode file for STMicroelectronics.X-CUBE-TCPP.4.1.0
2024-07-02 15:03:12,384 [WARN] PackLoader:240 - Cannot read IP mode file for STMicroelectronics.X-CUBE-ALGOBUILD.1.3.0
2024-07-02 15:03:12,432 [WARN] PackLoader:240 - Cannot read IP mode file for STMicroelectronics.X-CUBE-AZRTOS-G0.1.1.0
2024-07-02 15:03:12,451 [WARN] PackLoader:240 - Cannot read IP mode file for STMicroelectronics.X-CUBE-SAFEA1.1.2.2
2024-07-02 15:03:12,465 [WARN] PackLoader:240 - Cannot read IP mode file for STMicroelectronics.X-CUBE-NFC4.3.0.0
2024-07-02 15:03:12,481 [WARN] PackLoader:240 - Cannot read IP mode file for wolfSSL.I-CUBE-wolfMQTT.1.18.0
2024-07-02 15:03:12,535 [WARN] PackLoader:240 - Cannot read IP mode file for STMicroelectronics.X-CUBE-BLEMGR.3.0.0
2024-07-02 15:03:12,562 [WARN] PackLoader:240 - Cannot read IP mode file for STMicroelectronics.FP-ATR-SIGFOX1.3.2.0
2024-07-02 15:03:12,578 [WARN] PackLoader:240 - Cannot read IP mode file for STMicroelectronics.X-CUBE-EEPRMA1.5.1.0
2024-07-02 15:03:12,680 [WARN] PackLoader:240 - Cannot read IP mode file for SEGGER.I-CUBE-embOS.1.3.1
2024-07-02 15:03:12,779 [WARN] PackLoader:240 - Cannot read IP mode file for STMicroelectronics.X-CUBE-ALGOBUILD.1.4.0
2024-07-02 15:03:12,787 [WARN] PackLoader:240 - Cannot read IP mode file for STMicroelectronics.X-CUBE-GNSS1.6.0.0
2024-07-02 15:03:12,809 [WARN] PackLoader:240 - Cannot read IP mode file for STMicroelectronics.X-CUBE-AZRTOS-F4.1.1.0
2024-07-02 15:03:12,820 [WARN] PackLoader:240 - Cannot read IP mode file for wolfSSL.I-CUBE-wolfSSL.5.6.3
2024-07-02 15:03:12,834 [WARN] PackLoader:240 - Cannot read IP mode file for STMicroelectronics.X-CUBE-FREERTOS.1.2.0
2024-07-02 15:03:12,887 [WARN] PackLoader:240 - Cannot read IP mode file for STMicroelectronics.X-CUBE-AZRTOS-L5.2.0.0
2024-07-02 15:03:13,067 [WARN] PackLoader:240 - Cannot read IP mode file for STMicroelectronics.X-CUBE-MEMS1.9.6.0
2024-07-02 15:03:13,487 [WARN] PackLoader:240 - Cannot read IP mode file for STMicroelectronics.X-CUBE-EEPRMA1.4.2.0
2024-07-02 15:03:13,504 [WARN] PackLoader:240 - Cannot read IP mode file for STMicroelectronics.X-CUBE-NFC6.3.1.0
2024-07-02 15:03:13,523 [WARN] PackLoader:240 - Cannot read IP mode file for ITTIA_DB.I-CUBE-ITTIADB.8.8.0
2024-07-02 15:03:13,545 [WARN] PackLoader:240 - Cannot read IP mode file for STMicroelectronics.X-CUBE-BLEMGR.2.0.0
2024-07-02 15:03:13,554 [WARN] PackLoader:240 - Cannot read IP mode file for STMicroelectronics.X-CUBE-AI.9.0.0
2024-07-02 15:03:13,613 [WARN] ConditionMgr:438 - getConditionDescription Invalid condition id : UX DEVICE CLASS RTOS Condition cause : null
2024-07-02 15:03:13,613 [WARN] ConditionMgr:438 - getConditionDescription Invalid condition id : UX DEVICE CLASS RTOS Condition cause : null
2024-07-02 15:03:13,634 [WARN] PackLoader:240 - Cannot read IP mode file for STMicroelectronics.X-CUBE-AZRTOS-H7.3.1.0
2024-07-02 15:03:13,636 [WARN] ConditionMgr:1039 - genDependencies : Invalid condition id : UX DEVICE CLASS RTOS Condition cause : null
2024-07-02 15:03:13,637 [WARN] ConditionMgr:1039 - genDependencies : Invalid condition id : UX DEVICE CLASS RTOS Condition cause : null
2024-07-02 15:03:13,638 [WARN] ConditionMgr:1039 - genDependencies : Invalid condition id : UX DEVICE CLASS RTOS Condition cause : null
2024-07-02 15:03:13,641 [WARN] ConditionMgr:1039 - genDependencies : Invalid condition id : UX DEVICE CLASS RTOS Condition cause : null
2024-07-02 15:03:13,641 [WARN] ConditionMgr:1039 - genDependencies : Invalid condition id : UX DEVICE CLASS RTOS Condition cause : null
2024-07-02 15:03:13,654 [WARN] PackLoader:240 - Cannot read IP mode file for STMicroelectronics.X-CUBE-NFC7.1.0.1
2024-07-02 15:03:13,678 [WARN] PackLoader:240 - Cannot read IP mode file for STMicroelectronics.X-CUBE-NFC6.3.0.0
2024-07-02 15:03:13,694 [WARN] PackLoader:240 - Cannot read IP mode file for STMicroelectronics.X-CUBE-EEPRMA1.4.1.0
2024-07-02 15:03:13,709 [WARN] PackLoader:240 - Cannot read IP mode file for STMicroelectronics.X-CUBE-AI.8.1.0
2024-07-02 15:03:13,788 [WARN] ConditionMgr:438 - getConditionDescription Invalid condition id : LAN8742 Phy interface Condition cause : null
2024-07-02 15:03:13,790 [WARN] PackLoader:240 - Cannot read IP mode file for STMicroelectronics.X-CUBE-AZRTOS-L4.2.0.0
2024-07-02 15:03:13,797 [WARN] ConditionMgr:1039 - genDependencies : Invalid condition id : LAN8742 Phy interface Condition cause : null
2024-07-02 15:03:13,807 [WARN] ConditionMgr:1039 - genDependencies : Invalid condition id : LAN8742 Phy interface Condition cause : null
2024-07-02 15:03:13,809 [WARN] ConditionMgr:1039 - genDependencies : Invalid condition id : LAN8742 Phy interface Condition cause : null
2024-07-02 15:03:13,829 [WARN] PackLoader:240 - Cannot read IP mode file for STMicroelectronics.X-CUBE-SFXS2LP1.4.0.0
2024-07-02 15:03:13,844 [WARN] PackLoader:240 - Cannot read IP mode file for STMicroelectronics.X-CUBE-ISPU.1.1.0
2024-07-02 15:03:13,893 [WARN] ConditionMgr:438 - getConditionDescription Invalid condition id : UX DEVICE CLASS RTOS Condition cause : null
2024-07-02 15:03:13,894 [WARN] ConditionMgr:438 - getConditionDescription Invalid condition id : UX DEVICE CLASS RTOS Condition cause : null
2024-07-02 15:03:13,909 [WARN] PackLoader:240 - Cannot read IP mode file for STMicroelectronics.X-CUBE-AZRTOS-WB.2.0.0
2024-07-02 15:03:13,910 [WARN] ConditionMgr:1039 - genDependencies : Invalid condition id : UX DEVICE CLASS RTOS Condition cause : null
2024-07-02 15:03:13,910 [WARN] ConditionMgr:1039 - genDependencies : Invalid condition id : UX DEVICE CLASS RTOS Condition cause : null
2024-07-02 15:03:13,911 [WARN] ConditionMgr:1039 - genDependencies : Invalid condition id : UX DEVICE CLASS RTOS Condition cause : null
2024-07-02 15:03:13,912 [WARN] ConditionMgr:1039 - genDependencies : Invalid condition id : UX DEVICE CLASS RTOS Condition cause : null
2024-07-02 15:03:13,912 [WARN] ConditionMgr:1039 - genDependencies : Invalid condition id : UX DEVICE CLASS RTOS Condition cause : null
2024-07-02 15:03:13,944 [WARN] PackLoader:240 - Cannot read IP mode file for STMicroelectronics.X-CUBE-SUBG2.5.0.0
2024-07-02 15:03:13,960 [WARN] PackLoader:240 - Cannot read IP mode file for Cesanta.I-CUBE-Mongoose.7.13.0
2024-07-02 15:03:13,984 [WARN] PackLoader:240 - Cannot read IP mode file for STMicroelectronics.X-CUBE-TOF1.3.3.1
2024-07-02 15:03:14,079 [WARN] PackLoader:240 - Cannot read IP mode file for STMicroelectronics.X-CUBE-AZRTOS-G4.2.0.0
2024-07-02 15:03:14,115 [WARN] PackLoader:240 - Cannot read IP mode file for Infineon.AIROC-Wi-Fi-Bluetooth-STM32.1.5.1
2024-07-02 15:03:14,138 [WARN] PackLoader:240 - Cannot read IP mode file for STMicroelectronics.FP-SNS-MOTENVWB1.1.3.1
2024-07-02 15:03:14,157 [WARN] PackLoader:240 - Cannot read IP mode file for STMicroelectronics.X-CUBE-ISPU.2.0.0
2024-07-02 15:03:14,170 [WARN] PackLoader:240 - Cannot read IP mode file for STMicroelectronics.X-CUBE-ALS.1.0.2
2024-07-02 15:03:14,281 [WARN] PackLoader:240 - Cannot read IP mode file for STMicroelectronics.X-CUBE-MEMS1.10.0.0
2024-07-02 15:03:14,576 [WARN] PackLoader:240 - Cannot read IP mode file for STMicroelectronics.X-CUBE-FREERTOS.1.1.0
2024-07-02 15:03:14,581 [WARN] PackLoader:240 - Cannot read IP mode file for STMicroelectronics.X-CUBE-TOUCHGFX.4.24.0
2024-07-02 15:03:14,590 [WARN] PackLoader:240 - Cannot read IP mode file for portGmbH.I-Cube-SoM-uGOAL.1.1.0
2024-07-02 15:03:14,596 [WARN] PackLoader:240 - Cannot read IP mode file for STMicroelectronics.X-CUBE-ALS.1.0.1
2024-07-02 15:03:14,629 [WARN] PackLoader:240 - Cannot read IP mode file for STMicroelectronics.X-CUBE-AZRTOS-H7RS.1.0.0
2024-07-02 15:03:14,656 [WARN] PackLoader:240 - Cannot read IP mode file for STMicroelectronics.FP-ATR-ASTRA1.2.0.0
2024-07-02 15:03:14,685 [WARN] PackLoader:240 - Cannot read IP mode file for STMicroelectronics.X-CUBE-TOF1.3.4.0
2024-07-02 15:03:14,744 [WARN] PackLoader:240 - Cannot read IP mode file for STMicroelectronics.X-CUBE-TOF1.3.4.1
2024-07-02 15:03:14,795 [WARN] PackLoader:240 - Cannot read IP mode file for STMicroelectronics.X-CUBE-AZRTOS-H7.3.2.0
2024-07-02 15:03:14,802 [INFO] ThirdParty:978 - Integrity check success = true
2024-07-02 15:03:14,802 [INFO] IntegrityCheckThread:100 - exiting critical section [integrity check]
2024-07-02 15:03:14,802 [INFO] IntegrityCheckThread:103 - End integrity checks thread
2024-07-02 15:03:27,569 [INFO] McuFinderGlobals:63 - Set McuFinder mode to 2 (CubeIDE integrated)
2024-07-02 15:03:27,573 [INFO] MainUpdater:2868 - connection check result : 10
2024-07-02 15:03:28,167 [INFO] ApiDb:581 - Connected to CubeFinder SQLite database (/home/dnk121/.stmcufinder/plugins/mcufinder/mcu/cube-finder-db.db)
2024-07-02 15:03:28,278 [INFO] ApiDb:668 - CubeFinder database Data Model version=2.1
2024-07-02 15:03:28,279 [INFO] ApiDb:669 - CubeFinder database Configuration version=3.0.39
2024-07-02 15:03:28,279 [INFO] ApiDb:670 - CubeFinder database generation date=2024-06-20 (1718880634)
2024-07-02 15:03:28,279 [INFO] ApiDb:671 - CubeFinder database FW Pack versions=[FP-ATR-ASTRA1_V2.0.0, FP-SNS-FLIGHT1_V5.0.2, FP-SNS-MOTENV1_V5.0.0, FP-SNS-MOTENVWB1_V1.4.0, FP-SNS-SMARTAG2_V1.2.0, STM32Cube_FW_C0_V1.2.0, STM32Cube_FW_F4_V1.28.0, STM32Cube_FW_F7_V1.17.2, STM32Cube_FW_G0_V1.6.2, STM32Cube_FW_G4_V1.6.0, STM32Cube_FW_H5_V1.3.0, STM32Cube_FW_H7RS_V1.1.0, STM32Cube_FW_H7_V1.11.2, STM32Cube_FW_L0_V1.12.2, STM32Cube_FW_L5_V1.5.1, STM32Cube_FW_U0_V1.1.0, STM32Cube_FW_U5_V1.6.0, STM32Cube_FW_WB0_V1.0.0, STM32Cube_FW_WBA_V1.4.0, STM32Cube_FW_WB_V1.20.0, STM32Cube_FW_WL_V1.3.0, X-CUBE-ALGOBUILD_V1.4.0, X-CUBE-ALS_V1.0.2, X-CUBE-AZRTOS-F4_V1.1.0, X-CUBE-AZRTOS-F7_V1.1.0, X-CUBE-AZRTOS-G0_V1.1.0, X-CUBE-AZRTOS-G4_V2.0.0, X-CUBE-AZRTOS-H7RS_V1.0.0, X-CUBE-AZRTOS-H7_V3.2.0, X-CUBE-AZRTOS-L4_V2.0.0, X-CUBE-AZRTOS-L5_V1.1.0, X-CUBE-AZRTOS-WB_V2.0.0, X-CUBE-AZRTOS-WL_V2.0.0, X-CUBE-BLE1_V7.0.0, X-CUBE-BLE2_V3.3.0, X-CUBE-BLEMGR_V3.1.0, X-CUBE-EEPRMA1_V5.1.0, X-CUBE-FREERTOS_V1.2.0, X-CUBE-GNSS1_V6.0.0, X-CUBE-MEMS1_V10.0.0, X-CUBE-NFC4_V3.0.0, X-CUBE-NFC7_V1.0.1, X-CUBE-SFXS2LP1_V4.0.0, X-CUBE-SUBG2_V5.0.0, X-CUBE-TOF1_V3.4.1]
2024-07-02 15:03:28,501 [INFO] DbBoardsSqlite:226 - include board P-NUCLEO-WB55-NUCLEO as a kit item of type 'Nucleo-64'
2024-07-02 15:03:28,502 [INFO] DbBoardsSqlite:226 - include board P-NUCLEO-WB55-USBDONGLE as a kit item of type 'Nucleo USB Dongle'
2024-07-02 15:03:28,504 [INFO] DbBoardsSqlite:226 - include board STEVAL-IDP005V1 as a kit item of type 'Evaluation Board'
2024-07-02 15:03:28,505 [INFO] DbBoardsSqlite:226 - include board STEVAL-IDP005V2 as a kit item of type 'Evaluation Board'
2024-07-02 15:03:28,811 [INFO] ApiDb:240 - Found 323 in-development CPN: [B-G473E-ZEST1S, B-WB1M-WPAN1, B-WL5M-SUBG1, NUCLEO-C031C6, NUCLEO-H503RB, NUCLEO-H563ZI, NUCLEO-U545RE-Q, NUCLEO-U5A5ZJ-Q, NUCLEO-WBA52CG, STEVAL-PROTEUS1, STEVAL-SMARTAG2, STEVAL-STWINBX1, STM320518-EVAL, STM32C0116-DK, STM32C011D6Y3TR, STM32C011D6Y6TR, STM32C011F4P3, STM32C011F4P6, STM32C011F4U3, STM32C011F4U6TR, STM32C011F6P3, STM32C011F6P6, STM32C011F6U3, STM32C011F6U6TR, STM32C011J4M3, STM32C011J4M6, STM32C011J6M3, STM32C011J6M6, STM32C0316-DK, STM32C031C4T3, STM32C031C4T6, STM32C031C4U3, STM32C031C4U6, STM32C031C6T3, STM32C031C6T6, STM32C031C6U3, STM32C031C6U6, STM32C031F4P3, STM32C031F4P6, STM32C031F6P3, STM32C031F6P6, STM32C031G4U3, STM32C031G4U6, STM32C031G6U3, STM32C031G6U6, STM32C031K4T3, STM32C031K4T6, STM32C031K4U3, STM32C031K4U6, STM32C031K6T3, STM32C031K6T6, STM32C031K6U3, STM32C031K6U6, STM32G071K8TXN, STM32G071K8UXN, STM32G081GBU6N, STM32G081KBT6N, STM32G081KBUXN, STM32G0B1CCT6N, STM32G0B1KCT6, STM32G0B1NEY6TR, STM32G0B1RCT6N, STM32G0C1CCT6, STM32G0C1CCT6N, STM32G0C1CCU6N, STM32G0C1CET6N, STM32G0C1CEU6N, STM32G0C1KCT6, STM32G0C1NEY6TR, STM32G0C1RCI6N, STM32G0C1RCT6N, STM32G0C1REI6N, STM32G0C1RET6N, STM32G0C1VCI6, STM32G0C1VEI6, STM32G471CCT6, STM32G471CCU6, STM32G471CET3, STM32G471CET6, STM32G471CEU3, STM32G471CEU6, STM32G471MCT6, STM32G471MET3, STM32G471MET6, STM32G471MEY6TR, STM32G471QCT6, STM32G471QET3, STM32G471RCT6, STM32G471RET3, STM32G471RET6, STM32G471VCH6, STM32G471VCI6, STM32G471VCT6, STM32G471VEH3, STM32G471VEH6, STM32G471VEI3, STM32G471VEI6, STM32G471VET3, STM32G471VET6, STM32G474CCT6, STM32H503CBT6, STM32H503CBU6, STM32H503EBY6TR, STM32H503KBU6, STM32H503RBT6, STM32H562AGI6, STM32H562AII6, STM32H562IGK6, STM32H562IGT6, STM32H562IIK6, STM32H562IIT6, STM32H562RGT6, STM32H562RGV6, STM32H562RIT6, STM32H562RIV6, STM32H562VGT6, STM32H562VIT6, STM32H562ZGT6, STM32H562ZIT6, STM32H563AGI6, STM32H563AII3Q, STM32H563AII6, STM32H563IGK6, STM32H563IGT6, STM32H563IIK3Q, STM32H563IIK6, STM32H563IIT3Q, STM32H563IIT6, STM32H563MIY3QTR, STM32H563RGT6, STM32H563RGV6, STM32H563RIT6, STM32H563RIV6, STM32H563VGT6, STM32H563VIT3Q, STM32H563VIT6, STM32H563ZGT6, STM32H563ZIT3Q, STM32H563ZIT6, STM32H573AII3Q, STM32H573AII6, STM32H573I-DK, STM32H573IIK3Q, STM32H573IIK6, STM32H573IIT3Q, STM32H573IIT6, STM32H573MIY3QTR, STM32H573RIT6, STM32H573RIV6, STM32H573VIT3Q, STM32H573VIT6, STM32H573ZIT3Q, STM32H573ZIT6, STM32L4R5QGI6STR, STM32MP131AAE3, STM32MP131AAF3, STM32MP131AAG3, STM32MP131CAE3, STM32MP131CAF3, STM32MP131CAG3, STM32MP131DAE7, STM32MP131DAF7, STM32MP131DAG7, STM32MP131FAE7, STM32MP131FAF7, STM32MP131FAG7, STM32MP133AAE3, STM32MP133AAF3, STM32MP133AAG3, STM32MP133CAE3, STM32MP133CAF3, STM32MP133CAG3, STM32MP133DAE7, STM32MP133DAF7, STM32MP133DAG7, STM32MP133FAE7, STM32MP133FAF7, STM32MP133FAG7, STM32MP135AAE3, STM32MP135AAF3, STM32MP135AAG3, STM32MP135CAE3, STM32MP135CAF3, STM32MP135CAG3, STM32MP135DAE7, STM32MP135DAF7, STM32MP135DAG7, STM32MP135F-DK, STM32MP135FAE7, STM32MP135FAF7, STM32MP135FAF7T, STM32MP135FAF7U, STM32MP135FAG7, STM32U535CBT6, STM32U535CBT6Q, STM32U535CBU6, STM32U535CBU6Q, STM32U535CCT6, STM32U535CCT6Q, STM32U535CCU6, STM32U535CCU6Q, STM32U535CET6, STM32U535CET6Q, STM32U535CEU6, STM32U535CEU6Q, STM32U535JEY6QTR, STM32U535NCY6QTR, STM32U535NEY6QTR, STM32U535RBI6, STM32U535RBI6Q, STM32U535RBT6, STM32U535RBT6Q, STM32U535RCI6, STM32U535RCI6Q, STM32U535RCT6, STM32U535RCT6Q, STM32U535REI6, STM32U535REI6Q, STM32U535RET6, STM32U535RET6Q, STM32U535VCI6, STM32U535VCI6Q, STM32U535VCT6, STM32U535VCT6Q, STM32U535VEI6, STM32U535VEI6Q, STM32U535VET6, STM32U535VET6Q, STM32U545CET6, STM32U545CET6Q, STM32U545CEU6, STM32U545CEU6Q, STM32U545JEY6QTR, STM32U545NEY6QTR, STM32U545REI6, STM32U545REI6Q, STM32U545RET6, STM32U545RET6Q, STM32U545VEI6, STM32U545VEI6Q, STM32U545VET6, STM32U545VET6Q, STM32U595AIH6, STM32U595AIH6Q, STM32U595AJH6, STM32U595AJH6Q, STM32U595QII6, STM32U595QII6Q, STM32U595QJI6, STM32U595QJI6Q, STM32U595RIT6, STM32U595RIT6Q, STM32U595RJT6, STM32U595RJT6Q, STM32U595VIT6, STM32U595VIT6Q, STM32U595VJT6, STM32U595VJT6Q, STM32U595ZIT6, STM32U595ZIT6Q, STM32U595ZIY6QTR, STM32U595ZJT6, STM32U595ZJT6Q, STM32U595ZJY6QTR, STM32U599BJY6QTR, STM32U599NIH6Q, STM32U599NJH6Q, STM32U599VIT6Q, STM32U599VJT6, STM32U599VJT6Q, STM32U599ZIT6Q, STM32U599ZIY6QTR, STM32U599ZJT6Q, STM32U599ZJY6QTR, STM32U5A5AJH6, STM32U5A5AJH6Q, STM32U5A5QJI6, STM32U5A5QJI6Q, STM32U5A5RJT6, STM32U5A5RJT6Q, STM32U5A5VJT6, STM32U5A5VJT6Q, STM32U5A5ZJT6, STM32U5A5ZJT6Q, STM32U5A5ZJY6QTR, STM32U5A9BJY6QTR, STM32U5A9J-DK, STM32U5A9NJH6Q, STM32U5A9VJT6Q, STM32U5A9ZJT6Q, STM32U5A9ZJY6QTR, STM32U5F7VIT6, STM32U5F7VIT6Q, STM32U5F7VJT6, STM32U5F7VJT6Q, STM32U5F9BJY6QTR, STM32U5F9NJH6Q, STM32U5F9VIT6Q, STM32U5F9VJT6Q, STM32U5F9ZIJ6QTR, STM32U5F9ZIT6Q, STM32U5F9ZJJ6QTR, STM32U5F9ZJT6Q, STM32U5G7VJT6, STM32U5G7VJT6Q, STM32U5G9BJY6QTR, STM32U5G9J-DK1, STM32U5G9J-DK2, STM32U5G9NJH6Q, STM32U5G9VJT6Q, STM32U5G9ZJJ6QTR, STM32U5G9ZJT6Q, STM32WB1MMCH6, STM32WBA52CEU6, STM32WBA52CEU6T, STM32WBA52CGU6, STM32WBA52CGU6T, STM32WBA52KEU6, STM32WBA52KEU6T, STM32WBA52KGU6, STM32WBA52KGU6T, STM32WL5MOCH6, STM32WL5MOCH6TR]
2024-07-02 15:03:28,818 [INFO] ApiDb:668 - CubeFinder database Data Model version=2.1
2024-07-02 15:03:28,818 [INFO] ApiDb:669 - CubeFinder database Configuration version=3.0.39
2024-07-02 15:03:28,818 [INFO] ApiDb:670 - CubeFinder database generation date=2024-06-20 (1718880634)
2024-07-02 15:03:28,818 [INFO] ApiDb:671 - CubeFinder database FW Pack versions=[FP-ATR-ASTRA1_V2.0.0, FP-SNS-FLIGHT1_V5.0.2, FP-SNS-MOTENV1_V5.0.0, FP-SNS-MOTENVWB1_V1.4.0, FP-SNS-SMARTAG2_V1.2.0, STM32Cube_FW_C0_V1.2.0, STM32Cube_FW_F4_V1.28.0, STM32Cube_FW_F7_V1.17.2, STM32Cube_FW_G0_V1.6.2, STM32Cube_FW_G4_V1.6.0, STM32Cube_FW_H5_V1.3.0, STM32Cube_FW_H7RS_V1.1.0, STM32Cube_FW_H7_V1.11.2, STM32Cube_FW_L0_V1.12.2, STM32Cube_FW_L5_V1.5.1, STM32Cube_FW_U0_V1.1.0, STM32Cube_FW_U5_V1.6.0, STM32Cube_FW_WB0_V1.0.0, STM32Cube_FW_WBA_V1.4.0, STM32Cube_FW_WB_V1.20.0, STM32Cube_FW_WL_V1.3.0, X-CUBE-ALGOBUILD_V1.4.0, X-CUBE-ALS_V1.0.2, X-CUBE-AZRTOS-F4_V1.1.0, X-CUBE-AZRTOS-F7_V1.1.0, X-CUBE-AZRTOS-G0_V1.1.0, X-CUBE-AZRTOS-G4_V2.0.0, X-CUBE-AZRTOS-H7RS_V1.0.0, X-CUBE-AZRTOS-H7_V3.2.0, X-CUBE-AZRTOS-L4_V2.0.0, X-CUBE-AZRTOS-L5_V1.1.0, X-CUBE-AZRTOS-WB_V2.0.0, X-CUBE-AZRTOS-WL_V2.0.0, X-CUBE-BLE1_V7.0.0, X-CUBE-BLE2_V3.3.0, X-CUBE-BLEMGR_V3.1.0, X-CUBE-EEPRMA1_V5.1.0, X-CUBE-FREERTOS_V1.2.0, X-CUBE-GNSS1_V6.0.0, X-CUBE-MEMS1_V10.0.0, X-CUBE-NFC4_V3.0.0, X-CUBE-NFC7_V1.0.1, X-CUBE-SFXS2LP1_V4.0.0, X-CUBE-SUBG2_V5.0.0, X-CUBE-TOF1_V3.4.1]
2024-07-02 15:03:32,226 [ERROR] LogOutputStream:75 - [STDERR_REDIRECT] SLF4J: Failed to load class "org.slf4j.impl.StaticLoggerBinder".
2024-07-02 15:03:32,233 [ERROR] LogOutputStream:75 - [STDERR_REDIRECT] SLF4J: Defaulting to no-operation (NOP) logger implementation
2024-07-02 15:03:32,234 [ERROR] LogOutputStream:75 - [STDERR_REDIRECT] SLF4J: See http://www.slf4j.org/codes.html#StaticLoggerBinder for further details.
2024-07-02 15:03:32,433 [INFO] ApiDb:240 - Found 323 in-development CPN: [B-G473E-ZEST1S, B-WB1M-WPAN1, B-WL5M-SUBG1, NUCLEO-C031C6, NUCLEO-H503RB, NUCLEO-H563ZI, NUCLEO-U545RE-Q, NUCLEO-U5A5ZJ-Q, NUCLEO-WBA52CG, STEVAL-PROTEUS1, STEVAL-SMARTAG2, STEVAL-STWINBX1, STM320518-EVAL, STM32C0116-DK, STM32C011D6Y3TR, STM32C011D6Y6TR, STM32C011F4P3, STM32C011F4P6, STM32C011F4U3, STM32C011F4U6TR, STM32C011F6P3, STM32C011F6P6, STM32C011F6U3, STM32C011F6U6TR, STM32C011J4M3, STM32C011J4M6, STM32C011J6M3, STM32C011J6M6, STM32C0316-DK, STM32C031C4T3, STM32C031C4T6, STM32C031C4U3, STM32C031C4U6, STM32C031C6T3, STM32C031C6T6, STM32C031C6U3, STM32C031C6U6, STM32C031F4P3, STM32C031F4P6, STM32C031F6P3, STM32C031F6P6, STM32C031G4U3, STM32C031G4U6, STM32C031G6U3, STM32C031G6U6, STM32C031K4T3, STM32C031K4T6, STM32C031K4U3, STM32C031K4U6, STM32C031K6T3, STM32C031K6T6, STM32C031K6U3, STM32C031K6U6, STM32G071K8TXN, STM32G071K8UXN, STM32G081GBU6N, STM32G081KBT6N, STM32G081KBUXN, STM32G0B1CCT6N, STM32G0B1KCT6, STM32G0B1NEY6TR, STM32G0B1RCT6N, STM32G0C1CCT6, STM32G0C1CCT6N, STM32G0C1CCU6N, STM32G0C1CET6N, STM32G0C1CEU6N, STM32G0C1KCT6, STM32G0C1NEY6TR, STM32G0C1RCI6N, STM32G0C1RCT6N, STM32G0C1REI6N, STM32G0C1RET6N, STM32G0C1VCI6, STM32G0C1VEI6, STM32G471CCT6, STM32G471CCU6, STM32G471CET3, STM32G471CET6, STM32G471CEU3, STM32G471CEU6, STM32G471MCT6, STM32G471MET3, STM32G471MET6, STM32G471MEY6TR, STM32G471QCT6, STM32G471QET3, STM32G471RCT6, STM32G471RET3, STM32G471RET6, STM32G471VCH6, STM32G471VCI6, STM32G471VCT6, STM32G471VEH3, STM32G471VEH6, STM32G471VEI3, STM32G471VEI6, STM32G471VET3, STM32G471VET6, STM32G474CCT6, STM32H503CBT6, STM32H503CBU6, STM32H503EBY6TR, STM32H503KBU6, STM32H503RBT6, STM32H562AGI6, STM32H562AII6, STM32H562IGK6, STM32H562IGT6, STM32H562IIK6, STM32H562IIT6, STM32H562RGT6, STM32H562RGV6, STM32H562RIT6, STM32H562RIV6, STM32H562VGT6, STM32H562VIT6, STM32H562ZGT6, STM32H562ZIT6, STM32H563AGI6, STM32H563AII3Q, STM32H563AII6, STM32H563IGK6, STM32H563IGT6, STM32H563IIK3Q, STM32H563IIK6, STM32H563IIT3Q, STM32H563IIT6, STM32H563MIY3QTR, STM32H563RGT6, STM32H563RGV6, STM32H563RIT6, STM32H563RIV6, STM32H563VGT6, STM32H563VIT3Q, STM32H563VIT6, STM32H563ZGT6, STM32H563ZIT3Q, STM32H563ZIT6, STM32H573AII3Q, STM32H573AII6, STM32H573I-DK, STM32H573IIK3Q, STM32H573IIK6, STM32H573IIT3Q, STM32H573IIT6, STM32H573MIY3QTR, STM32H573RIT6, STM32H573RIV6, STM32H573VIT3Q, STM32H573VIT6, STM32H573ZIT3Q, STM32H573ZIT6, STM32L4R5QGI6STR, STM32MP131AAE3, STM32MP131AAF3, STM32MP131AAG3, STM32MP131CAE3, STM32MP131CAF3, STM32MP131CAG3, STM32MP131DAE7, STM32MP131DAF7, STM32MP131DAG7, STM32MP131FAE7, STM32MP131FAF7, STM32MP131FAG7, STM32MP133AAE3, STM32MP133AAF3, STM32MP133AAG3, STM32MP133CAE3, STM32MP133CAF3, STM32MP133CAG3, STM32MP133DAE7, STM32MP133DAF7, STM32MP133DAG7, STM32MP133FAE7, STM32MP133FAF7, STM32MP133FAG7, STM32MP135AAE3, STM32MP135AAF3, STM32MP135AAG3, STM32MP135CAE3, STM32MP135CAF3, STM32MP135CAG3, STM32MP135DAE7, STM32MP135DAF7, STM32MP135DAG7, STM32MP135F-DK, STM32MP135FAE7, STM32MP135FAF7, STM32MP135FAF7T, STM32MP135FAF7U, STM32MP135FAG7, STM32U535CBT6, STM32U535CBT6Q, STM32U535CBU6, STM32U535CBU6Q, STM32U535CCT6, STM32U535CCT6Q, STM32U535CCU6, STM32U535CCU6Q, STM32U535CET6, STM32U535CET6Q, STM32U535CEU6, STM32U535CEU6Q, STM32U535JEY6QTR, STM32U535NCY6QTR, STM32U535NEY6QTR, STM32U535RBI6, STM32U535RBI6Q, STM32U535RBT6, STM32U535RBT6Q, STM32U535RCI6, STM32U535RCI6Q, STM32U535RCT6, STM32U535RCT6Q, STM32U535REI6, STM32U535REI6Q, STM32U535RET6, STM32U535RET6Q, STM32U535VCI6, STM32U535VCI6Q, STM32U535VCT6, STM32U535VCT6Q, STM32U535VEI6, STM32U535VEI6Q, STM32U535VET6, STM32U535VET6Q, STM32U545CET6, STM32U545CET6Q, STM32U545CEU6, STM32U545CEU6Q, STM32U545JEY6QTR, STM32U545NEY6QTR, STM32U545REI6, STM32U545REI6Q, STM32U545RET6, STM32U545RET6Q, STM32U545VEI6, STM32U545VEI6Q, STM32U545VET6, STM32U545VET6Q, STM32U595AIH6, STM32U595AIH6Q, STM32U595AJH6, STM32U595AJH6Q, STM32U595QII6, STM32U595QII6Q, STM32U595QJI6, STM32U595QJI6Q, STM32U595RIT6, STM32U595RIT6Q, STM32U595RJT6, STM32U595RJT6Q, STM32U595VIT6, STM32U595VIT6Q, STM32U595VJT6, STM32U595VJT6Q, STM32U595ZIT6, STM32U595ZIT6Q, STM32U595ZIY6QTR, STM32U595ZJT6, STM32U595ZJT6Q, STM32U595ZJY6QTR, STM32U599BJY6QTR, STM32U599NIH6Q, STM32U599NJH6Q, STM32U599VIT6Q, STM32U599VJT6, STM32U599VJT6Q, STM32U599ZIT6Q, STM32U599ZIY6QTR, STM32U599ZJT6Q, STM32U599ZJY6QTR, STM32U5A5AJH6, STM32U5A5AJH6Q, STM32U5A5QJI6, STM32U5A5QJI6Q, STM32U5A5RJT6, STM32U5A5RJT6Q, STM32U5A5VJT6, STM32U5A5VJT6Q, STM32U5A5ZJT6, STM32U5A5ZJT6Q, STM32U5A5ZJY6QTR, STM32U5A9BJY6QTR, STM32U5A9J-DK, STM32U5A9NJH6Q, STM32U5A9VJT6Q, STM32U5A9ZJT6Q, STM32U5A9ZJY6QTR, STM32U5F7VIT6, STM32U5F7VIT6Q, STM32U5F7VJT6, STM32U5F7VJT6Q, STM32U5F9BJY6QTR, STM32U5F9NJH6Q, STM32U5F9VIT6Q, STM32U5F9VJT6Q, STM32U5F9ZIJ6QTR, STM32U5F9ZIT6Q, STM32U5F9ZJJ6QTR, STM32U5F9ZJT6Q, STM32U5G7VJT6, STM32U5G7VJT6Q, STM32U5G9BJY6QTR, STM32U5G9J-DK1, STM32U5G9J-DK2, STM32U5G9NJH6Q, STM32U5G9VJT6Q, STM32U5G9ZJJ6QTR, STM32U5G9ZJT6Q, STM32WB1MMCH6, STM32WBA52CEU6, STM32WBA52CEU6T, STM32WBA52CGU6, STM32WBA52CGU6T, STM32WBA52KEU6, STM32WBA52KEU6T, STM32WBA52KGU6, STM32WBA52KGU6T, STM32WL5MOCH6, STM32WL5MOCH6TR]
2024-07-02 15:03:32,460 [INFO] DbMcus:217 - Found 4186 MCUs, 4186 are supported
2024-07-02 15:03:32,469 [INFO] ApiDb:423 - Load user favorites file /home/dnk121/.stm32cubeide/favorites.mcus.txt: 0 item(s)
2024-07-02 15:03:32,470 [INFO] ApiDb:427 - User favorites MCUs=[]
2024-07-02 15:03:32,470 [INFO] DbMcus:223 - Set 0 / 0 favorites MCUs
2024-07-02 15:03:34,404 [INFO] BoardInfo:880 - No configuration file found for board NUCLEO-H533RE
2024-07-02 15:03:34,405 [INFO] DbBoards:157 - Board is not supported: NUCLEO-H533RE
2024-07-02 15:03:34,440 [INFO] BoardInfo:880 - No configuration file found for board NUCLEO-H7S3L8
2024-07-02 15:03:34,441 [INFO] DbBoards:157 - Board is not supported: NUCLEO-H7S3L8
2024-07-02 15:03:34,507 [INFO] BoardInfo:880 - No configuration file found for board NUCLEO-U031R8
2024-07-02 15:03:34,507 [INFO] DbBoards:157 - Board is not supported: NUCLEO-U031R8
2024-07-02 15:03:34,509 [INFO] BoardInfo:880 - No configuration file found for board NUCLEO-U083RC
2024-07-02 15:03:34,510 [INFO] DbBoards:157 - Board is not supported: NUCLEO-U083RC
2024-07-02 15:03:34,547 [INFO] BoardInfo:880 - No configuration file found for board NUCLEO-WBA55CG
2024-07-02 15:03:34,547 [INFO] DbBoards:157 - Board is not supported: NUCLEO-WBA55CG
2024-07-02 15:03:34,558 [INFO] BoardInfo:880 - No configuration file found for board P-NUCLEO-WB55
2024-07-02 15:03:34,558 [INFO] DbBoards:157 - Kit is not supported: P-NUCLEO-WB55
2024-07-02 15:03:34,569 [INFO] BoardInfo:880 - No configuration file found for board STEVAL-BFA001V1B
2024-07-02 15:03:34,569 [INFO] DbBoards:157 - Kit is not supported: STEVAL-BFA001V1B
2024-07-02 15:03:34,573 [INFO] BoardInfo:880 - No configuration file found for board STEVAL-BFA001V2B
2024-07-02 15:03:34,575 [INFO] DbBoards:157 - Kit is not supported: STEVAL-BFA001V2B
2024-07-02 15:03:34,593 [INFO] BoardInfo:880 - No configuration file found for board STEVAL-MKBOXPRO
2024-07-02 15:03:34,594 [INFO] DbBoards:157 - Board is not supported: STEVAL-MKBOXPRO
2024-07-02 15:03:34,768 [INFO] BoardInfo:880 - No configuration file found for board STM32H7S78-DK
2024-07-02 15:03:34,769 [INFO] DbBoards:157 - Board is not supported: STM32H7S78-DK
2024-07-02 15:03:34,822 [INFO] BoardInfo:880 - No configuration file found for board STM32U083C-DK
2024-07-02 15:03:34,824 [INFO] DbBoards:157 - Board is not supported: STM32U083C-DK
2024-07-02 15:03:34,843 [INFO] BoardInfo:880 - No configuration file found for board STM32WBA55G-DK1
2024-07-02 15:03:34,843 [INFO] DbBoards:157 - Board is not supported: STM32WBA55G-DK1
2024-07-02 15:03:34,844 [INFO] DbBoards:161 - Found 195 boards, 183 are supported
2024-07-02 15:03:34,851 [INFO] ApiDb:423 - Load user favorites file /home/dnk121/.stm32cubeide/favorites.boards.txt: 2 item(s)
2024-07-02 15:03:34,851 [INFO] ApiDb:427 - User favorites Boards=[NUCLEO-L496ZG-P, NUCLEO-L4A6ZG]
2024-07-02 15:03:34,851 [INFO] DbBoards:190 - Set 2 / 2 favorites Boards
2024-07-02 15:03:34,852 [INFO] McuFinderGlobals:76 - Set McuFinderConnectedMode to true
2024-07-02 15:03:34,864 [INFO] MultiScanPanel:200 - Auto-refresh data requested => check proxy status ongoing
2024-07-02 15:03:34,869 [INFO] FinderPluginLoader:95 - Searching for filters in installed packs
2024-07-02 15:03:39,131 [INFO] LoadUrlFilesThread:185 - End of LoadServerUrlFiles without Thread
2024-07-02 15:03:39,158 [INFO] DetailPanel:341 - Set advertising image to /home/dnk121/STM32Cube/Repository//en.prom-stm32h7rs-mcu-finder.jpg
2024-07-02 15:03:49,018 [INFO] McuFinderGlobals:76 - Set McuFinderConnectedMode to true
2024-07-02 15:03:54,263 [INFO] ApiDb:448 - Save user favorites file /home/dnk121/.stm32cubeide/favorites.mcus.txt: 0 item(s)
2024-07-02 15:03:54,264 [INFO] ApiDb:452 - User favorites MCUs=[]
2024-07-02 15:03:54,436 [ERROR] LogOutputStream:75 - [STDERR_REDIRECT] Exception in thread "AWT-EventQueue-0" java.lang.NullPointerException: Cannot invoke "com.st.stm32cube.common.mx.targetselector.IdeMcuFinder.cleanUp(boolean)" because "this.this$0.mcuFinder" is null
2024-07-02 15:03:54,437 [ERROR] LogOutputStream:75 - [STDERR_REDIRECT] 	at com.st.stm32cube.common.mx.targetselector.TargetSelectorAdapter$7.run(TargetSelectorAdapter.java:353)
2024-07-02 15:03:54,437 [ERROR] LogOutputStream:75 - [STDERR_REDIRECT] 	at com.st.stm32cube.common.mx.oss.core.awtswtbridge.AwtEnvironment$2.run(AwtEnvironment.java:166)
2024-07-02 15:03:54,438 [ERROR] LogOutputStream:75 - [STDERR_REDIRECT] 	at java.desktop/java.awt.event.InvocationEvent.dispatch(InvocationEvent.java:318)
2024-07-02 15:03:54,438 [ERROR] LogOutputStream:75 - [STDERR_REDIRECT] 	at java.desktop/java.awt.EventQueue.dispatchEventImpl(EventQueue.java:771)
2024-07-02 15:03:54,438 [ERROR] LogOutputStream:75 - [STDERR_REDIRECT] 	at java.desktop/java.awt.EventQueue$4.run(EventQueue.java:722)
2024-07-02 15:03:54,438 [ERROR] LogOutputStream:75 - [STDERR_REDIRECT] 	at java.desktop/java.awt.EventQueue$4.run(EventQueue.java:716)
2024-07-02 15:03:54,439 [ERROR] LogOutputStream:75 - [STDERR_REDIRECT] 	at java.base/java.security.AccessController.doPrivileged(AccessController.java:399)
2024-07-02 15:03:54,439 [ERROR] LogOutputStream:75 - [STDERR_REDIRECT] 	at java.base/java.security.ProtectionDomain$JavaSecurityAccessImpl.doIntersectionPrivilege(ProtectionDomain.java:86)
2024-07-02 15:03:54,439 [ERROR] LogOutputStream:75 - [STDERR_REDIRECT] 	at java.desktop/java.awt.EventQueue.dispatchEvent(EventQueue.java:741)
2024-07-02 15:03:54,439 [ERROR] LogOutputStream:75 - [STDERR_REDIRECT] 	at java.desktop/java.awt.EventDispatchThread.pumpOneEventForFilters(EventDispatchThread.java:203)
2024-07-02 15:03:54,440 [ERROR] LogOutputStream:75 - [STDERR_REDIRECT] 	at java.desktop/java.awt.EventDispatchThread.pumpEventsForFilter(EventDispatchThread.java:124)
2024-07-02 15:03:54,440 [ERROR] LogOutputStream:75 - [STDERR_REDIRECT] 	at java.desktop/java.awt.EventDispatchThread.pumpEventsForHierarchy(EventDispatchThread.java:113)
2024-07-02 15:03:54,440 [ERROR] LogOutputStream:75 - [STDERR_REDIRECT] 	at java.desktop/java.awt.EventDispatchThread.pumpEvents(EventDispatchThread.java:109)
2024-07-02 15:03:54,440 [ERROR] LogOutputStream:75 - [STDERR_REDIRECT] 	at java.desktop/java.awt.EventDispatchThread.pumpEvents(EventDispatchThread.java:101)
2024-07-02 15:03:54,441 [ERROR] LogOutputStream:75 - [STDERR_REDIRECT] 	at java.desktop/java.awt.EventDispatchThread.run(EventDispatchThread.java:90)
2024-07-02 15:05:31,646 [INFO] Activator:176 - 


2024-07-02 15:05:31,650 [INFO] Activator:177 - !SESSION log4j initialized
2024-07-02 15:05:35,712 [INFO] LogOutputStream:77 - [STDOUT_REDIRECT] 
2024-07-02 15:05:40,001 [INFO] ApplicationProperties:184 - Using Application install path: /opt/st/stm32cubeide_1.13.2_2/plugins/com.st.stm32cube.common.mx_6.9.2.202309101412
2024-07-02 15:05:40,028 [INFO] DbMcusXml:78 - Set database path to: /opt/st/stm32cubeide_1.13.2_2/plugins/com.st.stm32cube.common.mx_6.9.2.202309101412//db//mcu/
2024-07-02 15:05:40,028 [INFO] ApiDb:274 - Set plugin database path to: /opt/st/stm32cubeide_1.13.2_2/plugins/com.st.stm32cube.common.mx_6.9.2.202309101412//db//plugins/boardmanager/
2024-07-02 15:05:40,029 [WARN] ApiDb:259 - Overriding images path with different value:  => /opt/st/stm32cubeide_1.13.2_2/plugins/com.st.stm32cube.common.mx_6.9.2.202309101412//db//plugins/mcufinder/images/
2024-07-02 15:05:40,040 [INFO] ApiDb:250 - Set database path to: /home/dnk121/.stmcufinder/plugins/mcufinder//mcu/
2024-07-02 15:05:40,043 [INFO] DbMcusAds:125 - Set database path to: /home/dnk121/.stmcufinder/plugins/mcufinder//mcu/
2024-07-02 15:05:40,047 [INFO] CrossReferenceDbSqlite:203 - Set database path to: /home/dnk121/.stmcufinder/plugins/mcufinder//mcu/cs/
2024-07-02 15:05:40,251 [INFO] RulesReader:64 - Compatibility file has been processed (293 Rules)
2024-07-02 15:05:40,368 [INFO] DbMcusXml:78 - Set database path to: /opt/st/stm32cubeide_1.13.2_2/plugins/com.st.stm32cube.common.mx_6.9.2.202309101412//db//mcu/
2024-07-02 15:05:40,368 [INFO] ApiDb:274 - Set plugin database path to: /opt/st/stm32cubeide_1.13.2_2/plugins/com.st.stm32cube.common.mx_6.9.2.202309101412//db//plugins/boardmanager/
2024-07-02 15:05:40,368 [INFO] ApiDb:261 - Set plugin images path to: /opt/st/stm32cubeide_1.13.2_2/plugins/com.st.stm32cube.common.mx_6.9.2.202309101412//db//plugins/mcufinder/images/
2024-07-02 15:05:40,369 [WARN] DbFile:41 - Overriding database path with different value: /home/dnk121/.stmcufinder/plugins/mcufinder/ => /home/dnk121/.stmcufinder/plugins/mcufinder
2024-07-02 15:05:40,369 [INFO] ApiDb:250 - Set database path to: /home/dnk121/.stmcufinder/plugins/mcufinder//mcu/
2024-07-02 15:05:40,369 [WARN] DbFile:41 - Overriding database path with different value: /home/dnk121/.stmcufinder/plugins/mcufinder/ => /home/dnk121/.stmcufinder/plugins/mcufinder
2024-07-02 15:05:40,369 [INFO] DbMcusAds:125 - Set database path to: /home/dnk121/.stmcufinder/plugins/mcufinder//mcu/
2024-07-02 15:05:40,370 [WARN] DbFile:41 - Overriding database path with different value: /home/dnk121/.stmcufinder/plugins/mcufinder/ => /home/dnk121/.stmcufinder/plugins/mcufinder
2024-07-02 15:05:40,370 [WARN] DbFile:41 - Overriding database path with different value: /home/dnk121/.stmcufinder/plugins/mcufinder/ => /home/dnk121/.stmcufinder/plugins/mcufinder
2024-07-02 15:05:40,370 [INFO] CrossReferenceDbSqlite:203 - Set database path to: /home/dnk121/.stmcufinder/plugins/mcufinder//mcu/cs/
2024-07-02 15:05:40,488 [INFO] MainPanel:262 - HeapMemory: 268435456
2024-07-02 15:05:40,758 [INFO] DbMcusXml:78 - Set database path to: /opt/st/stm32cubeide_1.13.2_2/plugins/com.st.stm32cube.common.mx_6.9.2.202309101412//db//mcu/
2024-07-02 15:05:40,759 [INFO] ApiDb:274 - Set plugin database path to: /opt/st/stm32cubeide_1.13.2_2/plugins/com.st.stm32cube.common.mx_6.9.2.202309101412//db//plugins/boardmanager/
2024-07-02 15:05:40,759 [INFO] ApiDb:261 - Set plugin images path to: /opt/st/stm32cubeide_1.13.2_2/plugins/com.st.stm32cube.common.mx_6.9.2.202309101412//db//plugins/mcufinder/images/
2024-07-02 15:05:40,760 [WARN] DbFile:41 - Overriding database path with different value: /home/dnk121/.stmcufinder/plugins/mcufinder/ => /home/dnk121/.stmcufinder/plugins/mcufinder
2024-07-02 15:05:40,760 [INFO] ApiDb:250 - Set database path to: /home/dnk121/.stmcufinder/plugins/mcufinder//mcu/
2024-07-02 15:05:40,760 [WARN] DbFile:41 - Overriding database path with different value: /home/dnk121/.stmcufinder/plugins/mcufinder/ => /home/dnk121/.stmcufinder/plugins/mcufinder
2024-07-02 15:05:40,761 [INFO] DbMcusAds:125 - Set database path to: /home/dnk121/.stmcufinder/plugins/mcufinder//mcu/
2024-07-02 15:05:40,761 [WARN] DbFile:41 - Overriding database path with different value: /home/dnk121/.stmcufinder/plugins/mcufinder/ => /home/dnk121/.stmcufinder/plugins/mcufinder
2024-07-02 15:05:40,761 [WARN] DbFile:41 - Overriding database path with different value: /home/dnk121/.stmcufinder/plugins/mcufinder/ => /home/dnk121/.stmcufinder/plugins/mcufinder
2024-07-02 15:05:40,761 [INFO] CrossReferenceDbSqlite:203 - Set database path to: /home/dnk121/.stmcufinder/plugins/mcufinder//mcu/cs/
2024-07-02 15:05:40,799 [INFO] ApplicationProperties:184 - Using Application install path: /opt/st/stm32cubeide_1.13.2_2/plugins/com.st.stm32cube.common.mx_6.9.2.202309101412
2024-07-02 15:05:40,801 [INFO] PluginManage:196 - Search for loadable plugins [exclusion list=, ]
2024-07-02 15:05:40,803 [INFO] PluginManage:310 - Check plugin analytics
2024-07-02 15:05:41,276 [INFO] AnalyticsPlugin:253 - Accepted Software Licenses: 
2024-07-02 15:05:41,277 [INFO] AnalyticsPlugin:255 - Accepted CMSIS Pack Licenses: 
2024-07-02 15:05:41,277 [INFO] AnalyticsPlugin:257 - Accepted Firmware Licenses: FW.L4.1.18.0
2024-07-02 15:05:41,282 [INFO] PluginManage:359 - Loaded plugin analytics (category:tool,tabindex:-1)
2024-07-02 15:05:41,282 [INFO] PluginManage:310 - Check plugin cadmodel
2024-07-02 15:05:41,339 [INFO] CADModel:105 - Init CAD model plugin
2024-07-02 15:05:41,340 [INFO] PluginManage:359 - Loaded plugin cadmodel (category:power,tabindex:5)
2024-07-02 15:05:41,340 [INFO] PluginManage:310 - Check plugin clock
2024-07-02 15:05:41,355 [INFO] PluginManage:359 - Loaded plugin clock (category:base,tabindex:2)
2024-07-02 15:05:41,356 [INFO] PluginManage:310 - Check plugin ddr
2024-07-02 15:05:41,360 [INFO] PluginManage:359 - Loaded plugin ddr (category:tool,tabindex:6)
2024-07-02 15:05:41,360 [INFO] PluginManage:310 - Check plugin filemanager
2024-07-02 15:05:41,580 [INFO] PluginManage:359 - Loaded plugin filemanager (category:base,tabindex:10)
2024-07-02 15:05:41,580 [INFO] PluginManage:310 - Check plugin ipmanager
2024-07-02 15:05:41,589 [INFO] PluginManage:359 - Loaded plugin ipmanager (category:base,tabindex:5)
2024-07-02 15:05:41,590 [INFO] PluginManage:310 - Check plugin lpbam
2024-07-02 15:05:41,606 [INFO] PluginManage:359 - Loaded plugin lpbam (category:base,tabindex:0)
2024-07-02 15:05:41,607 [INFO] PluginManage:310 - Check plugin memorymap
2024-07-02 15:05:41,624 [INFO] PluginManage:359 - Loaded plugin memorymap (category:base,tabindex:4)
2024-07-02 15:05:41,625 [INFO] PluginManage:310 - Check plugin pinoutandconfiguration
2024-07-02 15:05:41,638 [INFO] PluginManage:359 - Loaded plugin pinoutandconfiguration (category:base,tabindex:1)
2024-07-02 15:05:41,638 [INFO] PluginManage:310 - Check plugin pinoutconfig
2024-07-02 15:05:41,815 [WARN] SupportedApi:132 - Cannot load RTOS API schema: s4s-elt-must-match.1: The content of 'definitions' must match (annotation?, (simpleType | complexType)?, (unique | key | keyref)*)). A problem was found starting at: attribute.
2024-07-02 15:05:42,068 [INFO] PluginManage:359 - Loaded plugin pinoutconfig (category:base,tabindex:0)
2024-07-02 15:05:42,068 [INFO] PluginManage:310 - Check plugin power
2024-07-02 15:05:42,083 [INFO] PluginManage:359 - Loaded plugin power (category:power,tabindex:4)
2024-07-02 15:05:42,084 [INFO] PluginManage:310 - Check plugin projectmanager
2024-07-02 15:05:42,110 [INFO] PluginManage:359 - Loaded plugin projectmanager (category:projectmanager,tabindex:3)
2024-07-02 15:05:42,111 [INFO] PluginManage:310 - Check plugin thirdparty
2024-07-02 15:05:42,413 [INFO] PluginManage:359 - Loaded plugin thirdparty (category:base,tabindex:-1)
2024-07-02 15:05:42,413 [INFO] PluginManage:310 - Check plugin tools
2024-07-02 15:05:42,417 [INFO] PluginManage:359 - Loaded plugin tools (category:base,tabindex:7)
2024-07-02 15:05:42,418 [INFO] PluginManage:310 - Check plugin tutovideos
2024-07-02 15:05:42,420 [WARN] IntegrityCheckThread:84 - waiting for thirdparty lock release [integrity check]
2024-07-02 15:05:42,421 [INFO] IntegrityCheckThread:86 - entering critical section [integrity check]
2024-07-02 15:05:42,422 [INFO] ThirdPartyUpdaterWithRetryManager:70 - Updater plugin not ready yet. [1/15]
2024-07-02 15:05:42,875 [INFO] PluginManage:359 - Loaded plugin tutovideos (category:base,tabindex:-1)
2024-07-02 15:05:42,876 [INFO] PluginManage:310 - Check plugin updater
2024-07-02 15:05:42,892 [INFO] PluginManage:359 - Loaded plugin updater (category:base,tabindex:12)
2024-07-02 15:05:42,893 [INFO] PluginManage:310 - Check plugin userauth
2024-07-02 15:05:42,900 [INFO] UserAuth:113 - Init User Auth plugin
2024-07-02 15:05:42,900 [INFO] PluginManage:359 - Loaded plugin userauth (category:base,tabindex:14)
2024-07-02 15:05:42,901 [INFO] PluginManage:283 - PluginManage : Loaded plugins [17]
2024-07-02 15:05:43,208 [INFO] PinOutPanel:1499 - setPackage(No Configuration,No Configuration)
2024-07-02 15:05:43,357 [INFO] CADModel:165 - CPN selected for project level
2024-07-02 15:05:43,358 [INFO] CADModel:114 - Register for checkConnection events
2024-07-02 15:05:43,376 [INFO] IPUIPlugin:80 - create IPUIPlugin
2024-07-02 15:05:43,376 [INFO] PluginManager:220 - loadIPPluginJar : add linkedlist
2024-07-02 15:05:43,385 [INFO] IPUIPlugin:80 - create IPUIPlugin
2024-07-02 15:05:43,385 [INFO] PluginManager:220 - loadIPPluginJar : add pdm2pcm
2024-07-02 15:05:43,388 [INFO] IPUIPlugin:80 - create IPUIPlugin
2024-07-02 15:05:43,388 [INFO] PluginManager:220 - loadIPPluginJar : add tim
2024-07-02 15:05:43,391 [INFO] IPUIPlugin:80 - create IPUIPlugin
2024-07-02 15:05:43,392 [INFO] PluginManager:220 - loadIPPluginJar : add tracer_emb
2024-07-02 15:05:43,395 [INFO] IPUIPlugin:80 - create IPUIPlugin
2024-07-02 15:05:43,395 [INFO] PluginManager:220 - loadIPPluginJar : add ucpd
2024-07-02 15:05:43,399 [INFO] IPUIPlugin:80 - create IPUIPlugin
2024-07-02 15:05:43,399 [INFO] PluginManager:220 - loadIPPluginJar : add dfsdm
2024-07-02 15:05:43,403 [INFO] IPUIPlugin:80 - create IPUIPlugin
2024-07-02 15:05:43,404 [INFO] PluginManager:220 - loadIPPluginJar : add i2s
2024-07-02 15:05:43,413 [INFO] IPUIPlugin:80 - create IPUIPlugin
2024-07-02 15:05:43,413 [INFO] PluginManager:220 - loadIPPluginJar : add fmc
2024-07-02 15:05:43,416 [INFO] IPUIPlugin:80 - create IPUIPlugin
2024-07-02 15:05:43,416 [INFO] PluginManager:220 - loadIPPluginJar : add ltdc
2024-07-02 15:05:43,424 [INFO] IPUIPlugin:80 - create IPUIPlugin
2024-07-02 15:05:43,424 [INFO] PluginManager:220 - loadIPPluginJar : add cryp
2024-07-02 15:05:43,427 [INFO] IPUIPlugin:80 - create IPUIPlugin
2024-07-02 15:05:43,428 [INFO] PluginManager:220 - loadIPPluginJar : add quadspi
2024-07-02 15:05:43,434 [INFO] IPUIPlugin:80 - create IPUIPlugin
2024-07-02 15:05:43,435 [INFO] PluginManager:220 - loadIPPluginJar : add nvic
2024-07-02 15:05:43,439 [INFO] IPUIPlugin:80 - create IPUIPlugin
2024-07-02 15:05:43,440 [INFO] PluginManager:220 - loadIPPluginJar : add gtzc
2024-07-02 15:05:43,448 [INFO] IPUIPlugin:80 - create IPUIPlugin
2024-07-02 15:05:43,449 [INFO] PluginManager:220 - loadIPPluginJar : add dma
2024-07-02 15:05:43,456 [INFO] IPUIPlugin:80 - create IPUIPlugin
2024-07-02 15:05:43,457 [INFO] PluginManager:220 - loadIPPluginJar : add gic
2024-07-02 15:05:43,465 [INFO] IPUIPlugin:80 - create IPUIPlugin
2024-07-02 15:05:43,466 [INFO] PluginManager:220 - loadIPPluginJar : add stm32_wpan
2024-07-02 15:05:43,470 [INFO] IPUIPlugin:80 - create IPUIPlugin
2024-07-02 15:05:43,470 [INFO] PluginManager:220 - loadIPPluginJar : add usbx
2024-07-02 15:05:43,475 [INFO] IPUIPlugin:80 - create IPUIPlugin
2024-07-02 15:05:43,476 [INFO] PluginManager:220 - loadIPPluginJar : add lorawan
2024-07-02 15:05:43,479 [INFO] IPUIPlugin:80 - create IPUIPlugin
2024-07-02 15:05:43,480 [INFO] PluginManager:220 - loadIPPluginJar : add spi
2024-07-02 15:05:43,484 [INFO] IPUIPlugin:80 - create IPUIPlugin
2024-07-02 15:05:43,484 [INFO] PluginManager:220 - loadIPPluginJar : add i2c
2024-07-02 15:05:43,487 [INFO] IPUIPlugin:80 - create IPUIPlugin
2024-07-02 15:05:43,487 [INFO] PluginManager:220 - loadIPPluginJar : add comp
2024-07-02 15:05:43,491 [INFO] IPUIPlugin:80 - create IPUIPlugin
2024-07-02 15:05:43,491 [INFO] PluginManager:220 - loadIPPluginJar : add hash
2024-07-02 15:05:43,497 [INFO] IPUIPlugin:80 - create IPUIPlugin
2024-07-02 15:05:43,498 [INFO] PluginManager:220 - loadIPPluginJar : add gpio
2024-07-02 15:05:43,503 [INFO] IPUIPlugin:80 - create IPUIPlugin
2024-07-02 15:05:43,503 [INFO] PluginManager:220 - loadIPPluginJar : add sai
2024-07-02 15:05:43,507 [INFO] IPUIPlugin:80 - create IPUIPlugin
2024-07-02 15:05:43,508 [INFO] PluginManager:220 - loadIPPluginJar : add can
2024-07-02 15:05:43,516 [INFO] IPUIPlugin:80 - create IPUIPlugin
2024-07-02 15:05:43,517 [INFO] PluginManager:220 - loadIPPluginJar : add adc
2024-07-02 15:05:43,520 [INFO] IPUIPlugin:80 - create IPUIPlugin
2024-07-02 15:05:43,520 [INFO] PluginManager:220 - loadIPPluginJar : add ts
2024-07-02 15:05:43,529 [INFO] IPUIPlugin:80 - create IPUIPlugin
2024-07-02 15:05:43,530 [INFO] PluginManager:220 - loadIPPluginJar : add mdma
2024-07-02 15:05:43,534 [INFO] IPUIPlugin:80 - create IPUIPlugin
2024-07-02 15:05:43,534 [INFO] PluginManager:220 - loadIPPluginJar : add aes
2024-07-02 15:05:43,538 [INFO] IPUIPlugin:80 - create IPUIPlugin
2024-07-02 15:05:43,539 [INFO] PluginManager:220 - loadIPPluginJar : add i3c
2024-07-02 15:05:43,541 [INFO] IPUIPlugin:80 - create IPUIPlugin
2024-07-02 15:05:43,541 [INFO] PluginManager:220 - loadIPPluginJar : add fatfs
2024-07-02 15:05:43,546 [INFO] IPUIPlugin:80 - create IPUIPlugin
2024-07-02 15:05:43,546 [INFO] PluginManager:220 - loadIPPluginJar : add openamp
2024-07-02 15:05:43,549 [INFO] IPUIPlugin:80 - create IPUIPlugin
2024-07-02 15:05:43,550 [INFO] PluginManager:220 - loadIPPluginJar : add gfxmmu
2024-07-02 15:05:43,557 [INFO] IPUIPlugin:80 - create IPUIPlugin
2024-07-02 15:05:43,557 [INFO] PluginManager:220 - loadIPPluginJar : add freertos
2024-07-02 15:05:43,562 [INFO] IPUIPlugin:80 - create IPUIPlugin
2024-07-02 15:05:43,562 [INFO] PluginManager:220 - loadIPPluginJar : add resmgrutility
2024-07-02 15:05:43,566 [INFO] IPUIPlugin:80 - create IPUIPlugin
2024-07-02 15:05:43,566 [INFO] PluginManager:220 - loadIPPluginJar : add usart
2024-07-02 15:05:43,571 [INFO] IPUIPlugin:80 - create IPUIPlugin
2024-07-02 15:05:43,571 [INFO] PluginManager:220 - loadIPPluginJar : add ipddr
2024-07-02 15:05:43,581 [INFO] IPUIPlugin:80 - create IPUIPlugin
2024-07-02 15:05:43,587 [INFO] PluginManager:220 - loadIPPluginJar : add plateformsettings
2024-07-02 15:05:43,589 [INFO] IPUIPlugin:80 - create IPUIPlugin
2024-07-02 15:05:43,590 [INFO] PluginManager:220 - loadIPPluginJar : add tsc
2024-07-02 15:05:43,593 [INFO] IPUIPlugin:80 - create IPUIPlugin
2024-07-02 15:05:43,593 [INFO] PluginManager:220 - loadIPPluginJar : add genericplugin
2024-07-02 15:05:43,598 [INFO] IPUIPlugin:80 - create IPUIPlugin
2024-07-02 15:05:43,598 [INFO] PluginManager:220 - loadIPPluginJar : add opamp
2024-07-02 15:05:43,602 [INFO] IPUIPlugin:80 - create IPUIPlugin
2024-07-02 15:05:43,602 [INFO] PluginManager:220 - loadIPPluginJar : add dma3
2024-07-02 15:05:43,607 [INFO] IPUIPlugin:80 - create IPUIPlugin
2024-07-02 15:05:43,608 [INFO] PluginManager:220 - loadIPPluginJar : add touchsensing
2024-07-02 15:05:43,744 [INFO] CADModel:165 - CPN selected for project level
2024-07-02 15:05:43,744 [INFO] CADModel:114 - Register for checkConnection events
2024-07-02 15:05:43,745 [FATAL] Updater:308 - Updater called before beeing initialized
2024-07-02 15:05:43,745 [ERROR] CADModel:125 - Updater not yet initialized, retry later 
2024-07-02 15:05:43,981 [INFO] CADModel:165 - CPN selected for project level
2024-07-02 15:05:43,981 [INFO] CADModel:114 - Register for checkConnection events
2024-07-02 15:05:43,981 [FATAL] Updater:308 - Updater called before beeing initialized
2024-07-02 15:05:43,981 [ERROR] CADModel:125 - Updater not yet initialized, retry later 
2024-07-02 15:05:43,986 [FATAL] Updater:308 - Updater called before beeing initialized
2024-07-02 15:05:44,140 [FATAL] Updater:308 - Updater called before beeing initialized
2024-07-02 15:05:44,150 [INFO] DbMcusAds:53 - JSON generation date=Thu May 16 14:52:00 IST 2024 (1715851320852)
2024-07-02 15:05:44,150 [FATAL] Updater:308 - Updater called before beeing initialized
2024-07-02 15:05:44,214 [WARN] DetailPanel:346 - Failed to get advertising image, set to default
2024-07-02 15:05:44,394 [FATAL] Updater:308 - Updater called before beeing initialized
2024-07-02 15:05:44,396 [FATAL] Updater:308 - Updater called before beeing initialized
2024-07-02 15:05:44,397 [FATAL] Updater:308 - Updater called before beeing initialized
2024-07-02 15:05:44,397 [WARN] DetailPanel:346 - Failed to get advertising image, set to default
2024-07-02 15:05:44,398 [FATAL] Updater:308 - Updater called before beeing initialized
2024-07-02 15:05:44,449 [ERROR] Updater:1120 - MainUpdater not yet initialized. External WinMGr cannot be set.
2024-07-02 15:05:44,451 [INFO] Updater:1056 - Updater Version found : 6.9.2
2024-07-02 15:05:44,476 [INFO] ApplicationProperties:184 - Using Application install path: /opt/st/stm32cubeide_1.13.2_2/plugins/com.st.stm32cube.common.mx_6.9.2.202309101412
2024-07-02 15:05:44,746 [INFO] MainUpdater:2868 - connection check result : 10
2024-07-02 15:05:44,748 [INFO] MainUpdater:285 - Updater Check For Update Now.
2024-07-02 15:05:44,748 [INFO] MicroXplorer:498 - Change Database Version : DB.6.0.92
2024-07-02 15:05:44,756 [INFO] McuFinderGlobals:63 - Set McuFinder mode to 2 (CubeIDE integrated)
2024-07-02 15:05:45,094 [INFO] CheckServerUpdateThread:120 - End of CheckServer Thread
2024-07-02 15:05:45,696 [WARN] PackLoader:240 - Cannot read IP mode file for STMicroelectronics.FP-SNS-MOTENVWB1.1.4.0
2024-07-02 15:05:45,738 [WARN] PackLoader:240 - Cannot read IP mode file for STMicroelectronics.X-CUBE-SMBUS.2.1.0
2024-07-02 15:05:45,754 [WARN] PackLoader:240 - Cannot read IP mode file for STMicroelectronics.X-CUBE-TOUCHGFX.4.23.0
2024-07-02 15:05:45,794 [WARN] PackLoader:240 - Cannot read IP mode file for STMicroelectronics.X-CUBE-TOUCHGFX.4.23.2
2024-07-02 15:05:46,003 [WARN] PackLoader:240 - Cannot read IP mode file for STMicroelectronics.X-CUBE-AZRTOS-F7.1.1.0
2024-07-02 15:05:46,085 [WARN] PackLoader:240 - Cannot read IP mode file for STMicroelectronics.FP-SNS-MOTENV1.4.3.2
2024-07-02 15:05:46,119 [WARN] PackLoader:240 - Cannot read IP mode file for STMicroelectronics.FP-SNS-FLIGHT1.5.0.2
2024-07-02 15:05:46,156 [WARN] PackLoader:240 - Cannot read IP mode file for STMicroelectronics.X-CUBE-DISPLAY.3.0.0
2024-07-02 15:05:46,202 [WARN] PackLoader:240 - Cannot read IP mode file for STMicroelectronics.X-CUBE-BLE1.7.0.0
2024-07-02 15:05:46,238 [WARN] PackLoader:240 - Cannot read IP mode file for emotas.I-CUBE-CANOPEN.1.3.0
2024-07-02 15:05:46,252 [WARN] PackLoader:240 - Cannot read IP mode file for STMicroelectronics.X-CUBE-TOUCHGFX.4.22.1
2024-07-02 15:05:46,343 [WARN] PackLoader:240 - Cannot read IP mode file for STMicroelectronics.X-CUBE-BLEMGR.3.1.0
2024-07-02 15:05:46,389 [WARN] PackLoader:240 - Cannot read IP mode file for STMicroelectronics.FP-SNS-SMARTAG2.1.2.0
2024-07-02 15:05:46,468 [INFO] LogOutputStream:77 - [STDOUT_REDIRECT] 1 : Invalid condition id : UX_CORESTACK_Condition cause : null
2024-07-02 15:05:46,469 [INFO] LogOutputStream:77 - [STDOUT_REDIRECT] 1 : Invalid condition id : UX_CORESTACK_Condition cause : null
2024-07-02 15:05:46,470 [INFO] LogOutputStream:77 - [STDOUT_REDIRECT] 1 : Invalid condition id : UX_CORESTACK_Condition cause : null
2024-07-02 15:05:46,472 [INFO] LogOutputStream:77 - [STDOUT_REDIRECT] 1 : Invalid condition id : UX_CORESTACK_Condition cause : null
2024-07-02 15:05:46,473 [INFO] LogOutputStream:77 - [STDOUT_REDIRECT] 1 : Invalid condition id : UX_CORESTACK_Condition cause : null
2024-07-02 15:05:46,492 [WARN] PackLoader:240 - Cannot read IP mode file for STMicroelectronics.X-CUBE-AZRTOS-WL.2.0.0
2024-07-02 15:05:46,519 [WARN] PackLoader:240 - Cannot read IP mode file for STMicroelectronics.FP-SNS-MOTENV1.5.0.0
2024-07-02 15:05:46,549 [WARN] PackLoader:240 - Cannot read IP mode file for wolfSSL.I-CUBE-wolfMQTT.1.19.0
2024-07-02 15:05:46,579 [WARN] PackLoader:240 - Cannot read IP mode file for WES.I-CUBE-Cesium.1.3.0
2024-07-02 15:05:46,587 [WARN] PackLoader:240 - Cannot read IP mode file for STMicroelectronics.X-CUBE-BLE2.3.3.0
2024-07-02 15:05:46,598 [WARN] PackLoader:240 - Cannot read IP mode file for STMicroelectronics.X-CUBE-TCPP.4.1.0
2024-07-02 15:05:46,644 [WARN] PackLoader:240 - Cannot read IP mode file for STMicroelectronics.X-CUBE-ALGOBUILD.1.3.0
2024-07-02 15:05:46,717 [WARN] PackLoader:240 - Cannot read IP mode file for STMicroelectronics.X-CUBE-AZRTOS-G0.1.1.0
2024-07-02 15:05:46,740 [WARN] PackLoader:240 - Cannot read IP mode file for STMicroelectronics.X-CUBE-SAFEA1.1.2.2
2024-07-02 15:05:46,791 [WARN] PackLoader:240 - Cannot read IP mode file for STMicroelectronics.X-CUBE-NFC4.3.0.0
2024-07-02 15:05:46,816 [WARN] PackLoader:240 - Cannot read IP mode file for wolfSSL.I-CUBE-wolfMQTT.1.18.0
2024-07-02 15:05:46,855 [WARN] PackLoader:240 - Cannot read IP mode file for STMicroelectronics.X-CUBE-BLEMGR.3.0.0
2024-07-02 15:05:46,866 [WARN] PackLoader:240 - Cannot read IP mode file for STMicroelectronics.FP-ATR-SIGFOX1.3.2.0
2024-07-02 15:05:46,880 [WARN] PackLoader:240 - Cannot read IP mode file for STMicroelectronics.X-CUBE-EEPRMA1.5.1.0
2024-07-02 15:05:46,979 [WARN] PackLoader:240 - Cannot read IP mode file for SEGGER.I-CUBE-embOS.1.3.1
2024-07-02 15:05:47,098 [WARN] PackLoader:240 - Cannot read IP mode file for STMicroelectronics.X-CUBE-ALGOBUILD.1.4.0
2024-07-02 15:05:47,107 [WARN] PackLoader:240 - Cannot read IP mode file for STMicroelectronics.X-CUBE-GNSS1.6.0.0
2024-07-02 15:05:47,165 [WARN] PackLoader:240 - Cannot read IP mode file for STMicroelectronics.X-CUBE-AZRTOS-F4.1.1.0
2024-07-02 15:05:47,176 [WARN] PackLoader:240 - Cannot read IP mode file for wolfSSL.I-CUBE-wolfSSL.5.6.3
2024-07-02 15:05:47,183 [WARN] PackLoader:240 - Cannot read IP mode file for STMicroelectronics.X-CUBE-FREERTOS.1.2.0
2024-07-02 15:05:47,221 [WARN] PackLoader:240 - Cannot read IP mode file for STMicroelectronics.X-CUBE-AZRTOS-L5.2.0.0
2024-07-02 15:05:47,441 [WARN] PackLoader:240 - Cannot read IP mode file for STMicroelectronics.X-CUBE-MEMS1.9.6.0
2024-07-02 15:05:47,932 [WARN] PackLoader:240 - Cannot read IP mode file for STMicroelectronics.X-CUBE-EEPRMA1.4.2.0
2024-07-02 15:05:47,948 [WARN] PackLoader:240 - Cannot read IP mode file for STMicroelectronics.X-CUBE-NFC6.3.1.0
2024-07-02 15:05:47,971 [WARN] PackLoader:240 - Cannot read IP mode file for ITTIA_DB.I-CUBE-ITTIADB.8.8.0
2024-07-02 15:05:47,985 [WARN] PackLoader:240 - Cannot read IP mode file for STMicroelectronics.X-CUBE-BLEMGR.2.0.0
2024-07-02 15:05:47,995 [WARN] PackLoader:240 - Cannot read IP mode file for STMicroelectronics.X-CUBE-AI.9.0.0
2024-07-02 15:05:48,031 [WARN] ConditionMgr:438 - getConditionDescription Invalid condition id : UX DEVICE CLASS RTOS Condition cause : null
2024-07-02 15:05:48,032 [WARN] ConditionMgr:438 - getConditionDescription Invalid condition id : UX DEVICE CLASS RTOS Condition cause : null
2024-07-02 15:05:48,038 [WARN] PackLoader:240 - Cannot read IP mode file for STMicroelectronics.X-CUBE-AZRTOS-H7.3.1.0
2024-07-02 15:05:48,045 [WARN] ConditionMgr:1039 - genDependencies : Invalid condition id : UX DEVICE CLASS RTOS Condition cause : null
2024-07-02 15:05:48,045 [WARN] ConditionMgr:1039 - genDependencies : Invalid condition id : UX DEVICE CLASS RTOS Condition cause : null
2024-07-02 15:05:48,048 [WARN] ConditionMgr:1039 - genDependencies : Invalid condition id : UX DEVICE CLASS RTOS Condition cause : null
2024-07-02 15:05:48,049 [WARN] ConditionMgr:1039 - genDependencies : Invalid condition id : UX DEVICE CLASS RTOS Condition cause : null
2024-07-02 15:05:48,049 [WARN] ConditionMgr:1039 - genDependencies : Invalid condition id : UX DEVICE CLASS RTOS Condition cause : null
2024-07-02 15:05:48,062 [WARN] PackLoader:240 - Cannot read IP mode file for STMicroelectronics.X-CUBE-NFC7.1.0.1
2024-07-02 15:05:48,077 [WARN] PackLoader:240 - Cannot read IP mode file for STMicroelectronics.X-CUBE-NFC6.3.0.0
2024-07-02 15:05:48,097 [WARN] PackLoader:240 - Cannot read IP mode file for STMicroelectronics.X-CUBE-EEPRMA1.4.1.0
2024-07-02 15:05:48,107 [WARN] PackLoader:240 - Cannot read IP mode file for STMicroelectronics.X-CUBE-AI.8.1.0
2024-07-02 15:05:48,174 [WARN] ConditionMgr:438 - getConditionDescription Invalid condition id : LAN8742 Phy interface Condition cause : null
2024-07-02 15:05:48,176 [WARN] PackLoader:240 - Cannot read IP mode file for STMicroelectronics.X-CUBE-AZRTOS-L4.2.0.0
2024-07-02 15:05:48,181 [WARN] ConditionMgr:1039 - genDependencies : Invalid condition id : LAN8742 Phy interface Condition cause : null
2024-07-02 15:05:48,181 [WARN] ConditionMgr:1039 - genDependencies : Invalid condition id : LAN8742 Phy interface Condition cause : null
2024-07-02 15:05:48,182 [WARN] ConditionMgr:1039 - genDependencies : Invalid condition id : LAN8742 Phy interface Condition cause : null
2024-07-02 15:05:48,203 [WARN] PackLoader:240 - Cannot read IP mode file for STMicroelectronics.X-CUBE-SFXS2LP1.4.0.0
2024-07-02 15:05:48,210 [WARN] PackLoader:240 - Cannot read IP mode file for STMicroelectronics.X-CUBE-ISPU.1.1.0
2024-07-02 15:05:48,245 [WARN] ConditionMgr:438 - getConditionDescription Invalid condition id : UX DEVICE CLASS RTOS Condition cause : null
2024-07-02 15:05:48,245 [WARN] ConditionMgr:438 - getConditionDescription Invalid condition id : UX DEVICE CLASS RTOS Condition cause : null
2024-07-02 15:05:48,249 [WARN] PackLoader:240 - Cannot read IP mode file for STMicroelectronics.X-CUBE-AZRTOS-WB.2.0.0
2024-07-02 15:05:48,257 [WARN] ConditionMgr:1039 - genDependencies : Invalid condition id : UX DEVICE CLASS RTOS Condition cause : null
2024-07-02 15:05:48,258 [WARN] ConditionMgr:1039 - genDependencies : Invalid condition id : UX DEVICE CLASS RTOS Condition cause : null
2024-07-02 15:05:48,259 [WARN] ConditionMgr:1039 - genDependencies : Invalid condition id : UX DEVICE CLASS RTOS Condition cause : null
2024-07-02 15:05:48,260 [WARN] ConditionMgr:1039 - genDependencies : Invalid condition id : UX DEVICE CLASS RTOS Condition cause : null
2024-07-02 15:05:48,260 [WARN] ConditionMgr:1039 - genDependencies : Invalid condition id : UX DEVICE CLASS RTOS Condition cause : null
2024-07-02 15:05:48,289 [WARN] PackLoader:240 - Cannot read IP mode file for STMicroelectronics.X-CUBE-SUBG2.5.0.0
2024-07-02 15:05:48,303 [WARN] PackLoader:240 - Cannot read IP mode file for Cesanta.I-CUBE-Mongoose.7.13.0
2024-07-02 15:05:48,319 [WARN] PackLoader:240 - Cannot read IP mode file for STMicroelectronics.X-CUBE-TOF1.3.3.1
2024-07-02 15:05:48,373 [WARN] PackLoader:240 - Cannot read IP mode file for STMicroelectronics.X-CUBE-AZRTOS-G4.2.0.0
2024-07-02 15:05:48,399 [WARN] PackLoader:240 - Cannot read IP mode file for Infineon.AIROC-Wi-Fi-Bluetooth-STM32.1.5.1
2024-07-02 15:05:48,412 [WARN] PackLoader:240 - Cannot read IP mode file for STMicroelectronics.FP-SNS-MOTENVWB1.1.3.1
2024-07-02 15:05:48,420 [WARN] PackLoader:240 - Cannot read IP mode file for STMicroelectronics.X-CUBE-ISPU.2.0.0
2024-07-02 15:05:48,429 [WARN] PackLoader:240 - Cannot read IP mode file for STMicroelectronics.X-CUBE-ALS.1.0.2
2024-07-02 15:05:48,534 [WARN] PackLoader:240 - Cannot read IP mode file for STMicroelectronics.X-CUBE-MEMS1.10.0.0
2024-07-02 15:05:48,781 [WARN] PackLoader:240 - Cannot read IP mode file for STMicroelectronics.X-CUBE-FREERTOS.1.1.0
2024-07-02 15:05:48,786 [WARN] PackLoader:240 - Cannot read IP mode file for STMicroelectronics.X-CUBE-TOUCHGFX.4.24.0
2024-07-02 15:05:48,805 [WARN] PackLoader:240 - Cannot read IP mode file for portGmbH.I-Cube-SoM-uGOAL.1.1.0
2024-07-02 15:05:48,822 [WARN] PackLoader:240 - Cannot read IP mode file for STMicroelectronics.X-CUBE-ALS.1.0.1
2024-07-02 15:05:48,860 [WARN] PackLoader:240 - Cannot read IP mode file for STMicroelectronics.X-CUBE-AZRTOS-H7RS.1.0.0
2024-07-02 15:05:48,872 [WARN] PackLoader:240 - Cannot read IP mode file for STMicroelectronics.FP-ATR-ASTRA1.2.0.0
2024-07-02 15:05:48,890 [WARN] PackLoader:240 - Cannot read IP mode file for STMicroelectronics.X-CUBE-TOF1.3.4.0
2024-07-02 15:05:48,933 [WARN] PackLoader:240 - Cannot read IP mode file for STMicroelectronics.X-CUBE-TOF1.3.4.1
2024-07-02 15:05:48,992 [WARN] PackLoader:240 - Cannot read IP mode file for STMicroelectronics.X-CUBE-AZRTOS-H7.3.2.0
2024-07-02 15:05:49,000 [INFO] ThirdParty:978 - Integrity check success = true
2024-07-02 15:05:49,000 [INFO] IntegrityCheckThread:100 - exiting critical section [integrity check]
2024-07-02 15:05:49,000 [INFO] IntegrityCheckThread:103 - End integrity checks thread
2024-07-02 15:06:05,634 [ERROR] LogOutputStream:75 - [STDERR_REDIRECT] SLF4J: Failed to load class "org.slf4j.impl.StaticLoggerBinder".
2024-07-02 15:06:05,636 [ERROR] LogOutputStream:75 - [STDERR_REDIRECT] SLF4J: Defaulting to no-operation (NOP) logger implementation
2024-07-02 15:06:05,637 [ERROR] LogOutputStream:75 - [STDERR_REDIRECT] SLF4J: See http://www.slf4j.org/codes.html#StaticLoggerBinder for further details.
